#
# There is insufficient memory for the Java Runtime Environment to continue.
# Native memory allocation (malloc) failed to allocate 131088 bytes. Error detail: Chunk::new
# Possible reasons:
#   The system is out of physical RAM or swap space
#   This process is running with CompressedOops enabled, and the Java Heap may be blocking the growth of the native heap
# Possible solutions:
#   Reduce memory load on the system
#   Increase physical memory or swap space
#   Check if swap backing store is full
#   Decrease Java heap size (-Xmx/-Xms)
#   Decrease number of Java threads
#   Decrease Java thread stack sizes (-Xss)
#   Set larger code cache with -XX:ReservedCodeCacheSize=
#   JVM is running with Unscaled Compressed Oops mode in which the Java heap is
#     placed in the first 4GB address space. The Java Heap base address is the
#     maximum limit for the native heap growth. Please use -XX:HeapBaseMinAddress
#     to set the Java Heap base and to place the Java Heap above 4GB virtual address.
# This output file may be truncated or incomplete.
#
#  Out of Memory Error (arena.cpp:168), pid=11428, tid=18740
#
# JRE version: OpenJDK Runtime Environment Temurin-21.0.8+9 (21.0.8+9) (build 21.0.8+9-LTS)
# Java VM: OpenJDK 64-Bit Server VM Temurin-21.0.8+9 (21.0.8+9-LTS, mixed mode, sharing, tiered, compressed oops, compressed class ptrs, parallel gc, windows-amd64)
# No core dump will be written. Minidumps are not enabled by default on client versions of Windows
#

---------------  S U M M A R Y ------------

Command Line: --add-modules=ALL-SYSTEM --add-opens=java.base/java.util=ALL-UNNAMED --add-opens=java.base/java.lang=ALL-UNNAMED --add-opens=java.base/sun.nio.fs=ALL-UNNAMED -Declipse.application=org.eclipse.jdt.ls.core.id1 -Dosgi.bundles.defaultStartLevel=4 -Declipse.product=org.eclipse.jdt.ls.core.product -Djava.import.generatesMetadataFilesAtProjectRoot=false -DDetectVMInstallationsJob.disabled=true -Dfile.encoding=utf8 -XX:+UseParallelGC -XX:GCTimeRatio=4 -XX:AdaptiveSizePolicyWeight=90 -Dsun.zip.disableMemoryMapping=true -Xmx2G -Xms100m -Xlog:disable -javaagent:c:\Users\Kumar Aditya\.vscode\extensions\redhat.java-1.44.0-win32-x64\lombok\lombok-1.18.39-4050.jar c:\Users\Kumar Aditya\.vscode\extensions\redhat.java-1.44.0-win32-x64\server\plugins\org.eclipse.equinox.launcher_1.7.0.v20250519-0528.jar -configuration c:\Users\Kumar Aditya\AppData\Roaming\Code\User\globalStorage\redhat.java\1.44.0\config_ss_win -data c:\Users\Kumar Aditya\AppData\Roaming\Code\User\workspaceStorage\7aee468de8faca28150af5761ab1ad41\redhat.java\ss_ws --pipe=\\.\pipe\lsp-330ffb6b7e4987dffe6e2cf9d112f034-sock

Host: 12th Gen Intel(R) Core(TM) i5-1240P, 16 cores, 15G,  Windows 11 , 64 bit Build 26100 (10.0.26100.4768)
Time: Fri Aug 29 01:02:48 2025 India Standard Time elapsed time: 14.847089 seconds (0d 0h 0m 14s)

---------------  T H R E A D  ---------------

Current thread (0x000002ac5fd07940):  JavaThread "C2 CompilerThread0" daemon [_thread_in_native, id=18740, stack(0x000000dff6800000,0x000000dff6900000) (1024K)]


Current CompileTask:
C2:14847 4711       4       jdk.internal.jimage.ImageReader$SharedImageReader::visitLocation (73 bytes)

Stack: [0x000000dff6800000,0x000000dff6900000]
Native frames: (J=compiled Java code, j=interpreted, Vv=VM code, C=native code)
V  [jvm.dll+0x6d2449]
V  [jvm.dll+0x8ae341]
V  [jvm.dll+0x8b08be]
V  [jvm.dll+0x8b0fa3]
V  [jvm.dll+0x280c96]
V  [jvm.dll+0xc581d]
V  [jvm.dll+0xc5d53]
V  [jvm.dll+0xc5945]
V  [jvm.dll+0x6ae837]
V  [jvm.dll+0x8d258]
V  [jvm.dll+0x661e3d]
V  [jvm.dll+0x65fd8e]
V  [jvm.dll+0x248d55]
V  [jvm.dll+0x2484af]
V  [jvm.dll+0x1c89ee]
V  [jvm.dll+0x257d4d]
V  [jvm.dll+0x2562ea]
V  [jvm.dll+0x3f2d16]
V  [jvm.dll+0x857e6b]
V  [jvm.dll+0x6d0b0d]
C  [ucrtbase.dll+0x37b0]
C  [KERNEL32.DLL+0x2e8d7]
C  [ntdll.dll+0x3c34c]


---------------  P R O C E S S  ---------------

Threads class SMR info:
_java_thread_list=0x000002ac67aa9db0, length=46, elements={
0x000002ac47c9b910, 0x000002ac5e73c7c0, 0x000002ac5e73d6d0, 0x000002ac5fcf7b20,
0x000002ac5fcf9b60, 0x000002ac5fcfa5b0, 0x000002ac5fcfd570, 0x000002ac5fd07940,
0x000002ac5fd35750, 0x000002ac5fdf9050, 0x000002ac5feee9a0, 0x000002ac5ff67bd0,
0x000002ac5feef030, 0x000002ac5feef6c0, 0x000002ac5fef1790, 0x000002ac5feefd50,
0x000002ac5fef03e0, 0x000002ac5fef1100, 0x000002ac5fef1e20, 0x000002ac664a8f00,
0x000002ac664a9590, 0x000002ac664a9c20, 0x000002ac664aa940, 0x000002ac664aa2b0,
0x000002ac664aafd0, 0x000002ac664a8870, 0x000002ac664a7b50, 0x000002ac664ab660,
0x000002ac664a81e0, 0x000002ac664aeae0, 0x000002ac664abcf0, 0x000002ac664af170,
0x000002ac664ac380, 0x000002ac664aca10, 0x000002ac664ae450, 0x000002ac664addc0,
0x000002ac664ad0a0, 0x000002ac664ad730, 0x000002ac68001060, 0x000002ac68002aa0,
0x000002ac68003e50, 0x000002ac680037c0, 0x000002ac68004b70, 0x000002ac5ff73bf0,
0x000002ac5ff79910, 0x000002ac5ff74290
}

Java Threads: ( => current thread )
  0x000002ac47c9b910 JavaThread "main"                              [_thread_blocked, id=29108, stack(0x000000dff5e00000,0x000000dff5f00000) (1024K)]
  0x000002ac5e73c7c0 JavaThread "Reference Handler"          daemon [_thread_blocked, id=4112, stack(0x000000dff6200000,0x000000dff6300000) (1024K)]
  0x000002ac5e73d6d0 JavaThread "Finalizer"                  daemon [_thread_blocked, id=28480, stack(0x000000dff6300000,0x000000dff6400000) (1024K)]
  0x000002ac5fcf7b20 JavaThread "Signal Dispatcher"          daemon [_thread_blocked, id=11344, stack(0x000000dff6400000,0x000000dff6500000) (1024K)]
  0x000002ac5fcf9b60 JavaThread "Attach Listener"            daemon [_thread_blocked, id=11996, stack(0x000000dff6500000,0x000000dff6600000) (1024K)]
  0x000002ac5fcfa5b0 JavaThread "Service Thread"             daemon [_thread_blocked, id=25392, stack(0x000000dff6600000,0x000000dff6700000) (1024K)]
  0x000002ac5fcfd570 JavaThread "Monitor Deflation Thread"   daemon [_thread_blocked, id=33316, stack(0x000000dff6700000,0x000000dff6800000) (1024K)]
=>0x000002ac5fd07940 JavaThread "C2 CompilerThread0"         daemon [_thread_in_native, id=18740, stack(0x000000dff6800000,0x000000dff6900000) (1024K)]
  0x000002ac5fd35750 JavaThread "C1 CompilerThread0"         daemon [_thread_blocked, id=35612, stack(0x000000dff6900000,0x000000dff6a00000) (1024K)]
  0x000002ac5fdf9050 JavaThread "C1 CompilerThread1"         daemon [_thread_blocked, id=9072, stack(0x000000dff6a00000,0x000000dff6b00000) (1024K)]
  0x000002ac5feee9a0 JavaThread "Common-Cleaner"             daemon [_thread_blocked, id=31172, stack(0x000000dff6b00000,0x000000dff6c00000) (1024K)]
  0x000002ac5ff67bd0 JavaThread "C1 CompilerThread2"         daemon [_thread_blocked, id=35312, stack(0x000000dff6c00000,0x000000dff6d00000) (1024K)]
  0x000002ac5feef030 JavaThread "Notification Thread"        daemon [_thread_blocked, id=32756, stack(0x000000dff6f00000,0x000000dff7000000) (1024K)]
  0x000002ac5feef6c0 JavaThread "Active Thread: Equinox Container: 21beacd4-ae6c-4243-b052-1482c3cdf409"        [_thread_blocked, id=32072, stack(0x000000dff7800000,0x000000dff7900000) (1024K)]
  0x000002ac5fef1790 JavaThread "Framework Event Dispatcher: Equinox Container: 21beacd4-ae6c-4243-b052-1482c3cdf409" daemon [_thread_blocked, id=4524, stack(0x000000dff7900000,0x000000dff7a00000) (1024K)]
  0x000002ac5feefd50 JavaThread "Start Level: Equinox Container: 21beacd4-ae6c-4243-b052-1482c3cdf409" daemon [_thread_blocked, id=29656, stack(0x000000dff7a00000,0x000000dff7b00000) (1024K)]
  0x000002ac5fef03e0 JavaThread "SCR Component Actor"        daemon [_thread_blocked, id=4188, stack(0x000000dff7b00000,0x000000dff7c00000) (1024K)]
  0x000002ac5fef1100 JavaThread "Worker-JM"                         [_thread_blocked, id=37176, stack(0x000000dff7d00000,0x000000dff7e00000) (1024K)]
  0x000002ac5fef1e20 JavaThread "JNA Cleaner"                daemon [_thread_blocked, id=21112, stack(0x000000dff7000000,0x000000dff7100000) (1024K)]
  0x000002ac664a8f00 JavaThread "Worker-0"                          [_thread_blocked, id=4664, stack(0x000000dff7c00000,0x000000dff7d00000) (1024K)]
  0x000002ac664a9590 JavaThread "Worker-1"                          [_thread_blocked, id=22824, stack(0x000000dff8000000,0x000000dff8100000) (1024K)]
  0x000002ac664a9c20 JavaThread "Worker-2"                          [_thread_blocked, id=5520, stack(0x000000dff8500000,0x000000dff8600000) (1024K)]
  0x000002ac664aa940 JavaThread "Thread-2"                   daemon [_thread_in_native, id=30320, stack(0x000000dff8900000,0x000000dff8a00000) (1024K)]
  0x000002ac664aa2b0 JavaThread "Thread-3"                   daemon [_thread_in_native, id=33004, stack(0x000000dff8a00000,0x000000dff8b00000) (1024K)]
  0x000002ac664aafd0 JavaThread "Thread-4"                   daemon [_thread_in_native, id=39780, stack(0x000000dff8b00000,0x000000dff8c00000) (1024K)]
  0x000002ac664a8870 JavaThread "Thread-5"                   daemon [_thread_in_native, id=9348, stack(0x000000dff8c00000,0x000000dff8d00000) (1024K)]
  0x000002ac664a7b50 JavaThread "Thread-6"                   daemon [_thread_in_native, id=34672, stack(0x000000dff8d00000,0x000000dff8e00000) (1024K)]
  0x000002ac664ab660 JavaThread "Thread-7"                   daemon [_thread_in_native, id=24484, stack(0x000000dff8e00000,0x000000dff8f00000) (1024K)]
  0x000002ac664a81e0 JavaThread "Thread-8"                   daemon [_thread_in_native, id=23704, stack(0x000000dff8f00000,0x000000dff9000000) (1024K)]
  0x000002ac664aeae0 JavaThread "Thread-9"                   daemon [_thread_in_native, id=36792, stack(0x000000dff9000000,0x000000dff9100000) (1024K)]
  0x000002ac664abcf0 JavaThread "Thread-10"                  daemon [_thread_in_native, id=28276, stack(0x000000dff9100000,0x000000dff9200000) (1024K)]
  0x000002ac664af170 JavaThread "Thread-11"                  daemon [_thread_in_native, id=18696, stack(0x000000dff9200000,0x000000dff9300000) (1024K)]
  0x000002ac664ac380 JavaThread "Thread-12"                  daemon [_thread_in_native, id=39036, stack(0x000000dff9300000,0x000000dff9400000) (1024K)]
  0x000002ac664aca10 JavaThread "Thread-13"                  daemon [_thread_in_native, id=40656, stack(0x000000dff9400000,0x000000dff9500000) (1024K)]
  0x000002ac664ae450 JavaThread "Thread-14"                  daemon [_thread_in_native, id=35412, stack(0x000000dff9500000,0x000000dff9600000) (1024K)]
  0x000002ac664addc0 JavaThread "Thread-15"                  daemon [_thread_in_native, id=20988, stack(0x000000dff9600000,0x000000dff9700000) (1024K)]
  0x000002ac664ad0a0 JavaThread "Thread-16"                  daemon [_thread_in_native, id=11528, stack(0x000000dff9700000,0x000000dff9800000) (1024K)]
  0x000002ac664ad730 JavaThread "Thread-17"                  daemon [_thread_in_native, id=19492, stack(0x000000dff9800000,0x000000dff9900000) (1024K)]
  0x000002ac68001060 JavaThread "Thread-18"                  daemon [_thread_in_native, id=24884, stack(0x000000dff9900000,0x000000dff9a00000) (1024K)]
  0x000002ac68002aa0 JavaThread "pool-2-thread-1"                   [_thread_blocked, id=8024, stack(0x000000dff9a00000,0x000000dff9b00000) (1024K)]
  0x000002ac68003e50 JavaThread "WorkspaceEventsHandler"            [_thread_blocked, id=32276, stack(0x000000dff9b00000,0x000000dff9c00000) (1024K)]
  0x000002ac680037c0 JavaThread "pool-1-thread-1"                   [_thread_blocked, id=31144, stack(0x000000dff9c00000,0x000000dff9d00000) (1024K)]
  0x000002ac68004b70 JavaThread "ForkJoinPool.commonPool-worker-1" daemon [_thread_in_vm, id=22380, stack(0x000000dff6d00000,0x000000dff6e00000) (1024K)]
  0x000002ac5ff73bf0 JavaThread "C2 CompilerThread1"         daemon [_thread_in_native, id=31552, stack(0x000000dff6e00000,0x000000dff6f00000) (1024K)]
  0x000002ac5ff79910 JavaThread "C1 CompilerThread3"         daemon [_thread_blocked, id=30076, stack(0x000000dff8600000,0x000000dff8700000) (1024K)]
  0x000002ac5ff74290 JavaThread "C2 CompilerThread2"         daemon [_thread_in_native, id=22864, stack(0x000000dff8400000,0x000000dff8500000) (1024K)]
Total: 46

Other Threads:
  0x000002ac5fcf32d0 VMThread "VM Thread"                           [id=32268, stack(0x000000dff6100000,0x000000dff6200000) (1024K)]
  0x000002ac5e61cb20 WatcherThread "VM Periodic Task Thread"        [id=26640, stack(0x000000dff6000000,0x000000dff6100000) (1024K)]
  0x000002ac47cb9c80 WorkerThread "GC Thread#0"                     [id=37304, stack(0x000000dff5f00000,0x000000dff6000000) (1024K)]
  0x000002ac61ae4fe0 WorkerThread "GC Thread#1"                     [id=17972, stack(0x000000dff7200000,0x000000dff7300000) (1024K)]
  0x000002ac6628dfc0 WorkerThread "GC Thread#2"                     [id=8692, stack(0x000000dff7300000,0x000000dff7400000) (1024K)]
  0x000002ac61513210 WorkerThread "GC Thread#3"                     [id=31268, stack(0x000000dff7400000,0x000000dff7500000) (1024K)]
  0x000002ac615135b0 WorkerThread "GC Thread#4"                     [id=23516, stack(0x000000dff7500000,0x000000dff7600000) (1024K)]
  0x000002ac614d9b40 WorkerThread "GC Thread#5"                     [id=32312, stack(0x000000dff7600000,0x000000dff7700000) (1024K)]
  0x000002ac6172e470 WorkerThread "GC Thread#6"                     [id=24364, stack(0x000000dff7700000,0x000000dff7800000) (1024K)]
  0x000002ac6172d5f0 WorkerThread "GC Thread#7"                     [id=2028, stack(0x000000dff7100000,0x000000dff7200000) (1024K)]
  0x000002ac6172d990 WorkerThread "GC Thread#8"                     [id=38348, stack(0x000000dff7e00000,0x000000dff7f00000) (1024K)]
  0x000002ac6172dd30 WorkerThread "GC Thread#9"                     [id=36040, stack(0x000000dff7f00000,0x000000dff8000000) (1024K)]
  0x000002ac6172e0d0 WorkerThread "GC Thread#10"                    [id=30108, stack(0x000000dff8100000,0x000000dff8200000) (1024K)]
  0x000002ac6172cb10 WorkerThread "GC Thread#11"                    [id=27060, stack(0x000000dff8200000,0x000000dff8300000) (1024K)]
  0x000002ac6172ceb0 WorkerThread "GC Thread#12"                    [id=23356, stack(0x000000dff8300000,0x000000dff8400000) (1024K)]
Total: 15

Threads with active compile tasks:
C2 CompilerThread0  14881 4711       4       jdk.internal.jimage.ImageReader$SharedImageReader::visitLocation (73 bytes)
C2 CompilerThread1  14881 4751 %     4       java.io.WinNTFileSystem::normalize @ 22 (143 bytes)
C2 CompilerThread2  14881 4764  s!   4       jdk.internal.jrtfs.JrtDirectoryStream::iterator (76 bytes)
Total: 3

VM state: not at safepoint (normal execution)

VM Mutex/Monitor currently owned by a thread: None

Heap address: 0x0000000080000000, size: 2048 MB, Compressed Oops mode: 32-bit

CDS archive(s) mapped at: [0x000002ac00000000-0x000002ac00ba0000-0x000002ac00ba0000), size 12189696, SharedBaseAddress: 0x000002ac00000000, ArchiveRelocationMode: 1.
Compressed class space mapped at: 0x000002ac01000000-0x000002ac41000000, reserved size: 1073741824
Narrow klass base: 0x000002ac00000000, Narrow klass shift: 0, Narrow klass range: 0x100000000

GC Precious Log:
 CardTable entry size: 512
 CPUs: 16 total, 16 available
 Memory: 16052M
 Large Page Support: Disabled
 NUMA Support: Disabled
 Compressed Oops: Enabled (32-bit)
 Alignments: Space 512K, Generation 512K, Heap 2M
 Heap Min Capacity: 100M
 Heap Initial Capacity: 100M
 Heap Max Capacity: 2G
 Pre-touch: Disabled
 Parallel Workers: 13

Heap:
 PSYoungGen      total 23040K, used 14536K [0x00000000d5580000, 0x00000000d6e80000, 0x0000000100000000)
  eden space 20480K, 59% used [0x00000000d5580000,0x00000000d616a270,0x00000000d6980000)
  from space 2560K, 91% used [0x00000000d6980000,0x00000000d6bc8010,0x00000000d6c00000)
  to   space 2560K, 0% used [0x00000000d6c00000,0x00000000d6c00000,0x00000000d6e80000)
 ParOldGen       total 68608K, used 24249K [0x0000000080000000, 0x0000000084300000, 0x00000000d5580000)
  object space 68608K, 35% used [0x0000000080000000,0x00000000817ae648,0x0000000084300000)
 Metaspace       used 32508K, committed 33472K, reserved 1114112K
  class space    used 3248K, committed 3648K, reserved 1048576K

Card table byte_map: [0x000002ac47640000,0x000002ac47a50000] _byte_map_base: 0x000002ac47240000

Marking Bits: (ParMarkBitMap*) 0x00007ffd8534a340
 Begin Bits: [0x000002ac5a140000, 0x000002ac5c140000)
 End Bits:   [0x000002ac5c140000, 0x000002ac5e140000)

Polling page: 0x000002ac45b30000

Metaspace:

Usage:
  Non-class:     28.57 MB used.
      Class:      3.17 MB used.
       Both:     31.75 MB used.

Virtual space:
  Non-class space:       64.00 MB reserved,      29.12 MB ( 46%) committed,  1 nodes.
      Class space:        1.00 GB reserved,       3.56 MB ( <1%) committed,  1 nodes.
             Both:        1.06 GB reserved,      32.69 MB (  3%) committed. 

Chunk freelists:
   Non-Class:  2.52 MB
       Class:  12.45 MB
        Both:  14.97 MB

MaxMetaspaceSize: unlimited
CompressedClassSpaceSize: 1.00 GB
Initial GC threshold: 21.00 MB
Current GC threshold: 35.00 MB
CDS: on
 - commit_granule_bytes: 65536.
 - commit_granule_words: 8192.
 - virtual_space_node_default_size: 8388608.
 - enlarge_chunks_in_place: 1.
 - use_allocation_guard: 0.


Internal statistics:

num_allocs_failed_limit: 3.
num_arena_births: 654.
num_arena_deaths: 14.
num_vsnodes_births: 2.
num_vsnodes_deaths: 0.
num_space_committed: 523.
num_space_uncommitted: 0.
num_chunks_returned_to_freelist: 17.
num_chunks_taken_from_freelist: 1928.
num_chunk_merges: 9.
num_chunk_splits: 1242.
num_chunks_enlarged: 804.
num_inconsistent_stats: 0.

CodeHeap 'non-profiled nmethods': size=119168Kb used=2661Kb max_used=2661Kb free=116506Kb
 bounds [0x000002ac52a30000, 0x000002ac52cd0000, 0x000002ac59e90000]
CodeHeap 'profiled nmethods': size=119104Kb used=9833Kb max_used=9833Kb free=109270Kb
 bounds [0x000002ac4ae90000, 0x000002ac4b830000, 0x000002ac522e0000]
CodeHeap 'non-nmethods': size=7488Kb used=3045Kb max_used=3088Kb free=4443Kb
 bounds [0x000002ac522e0000, 0x000002ac525f0000, 0x000002ac52a30000]
CodeCache: size=245760Kb, used=15539Kb, max_used=15582Kb, free=230219Kb
 total_blobs=5466, nmethods=4813, adapters=556, full_count=0
Compilation: enabled, stopped_count=0, restarted_count=0

Compilation events (20 events):
Event: 14.801 Thread 0x000002ac5fd35750 4779       3       java.lang.System$2::getEnumConstantsShared (8 bytes)
Event: 14.801 Thread 0x000002ac5fd35750 nmethod 4779 0x000002ac4b80c510 code [0x000002ac4b80c6c0, 0x000002ac4b80c8f8]
Event: 14.805 Thread 0x000002ac5fdf9050 4780       1       org.eclipse.jdt.internal.core.JavaElement::getElementName (4 bytes)
Event: 14.805 Thread 0x000002ac5fd35750 4781       1       org.eclipse.jdt.internal.core.JavaProject::getHandleMementoDelimiter (3 bytes)
Event: 14.805 Thread 0x000002ac5ff67bd0 4782       1       org.eclipse.jdt.internal.core.PackageFragmentRoot::getHandleMementoDelimiter (3 bytes)
Event: 14.805 Thread 0x000002ac5fdf9050 nmethod 4780 0x000002ac52cc5210 code [0x000002ac52cc53a0, 0x000002ac52cc5470]
Event: 14.805 Thread 0x000002ac5fdf9050 4783       1       org.eclipse.jdt.internal.core.ClasspathAttribute::getValue (5 bytes)
Event: 14.805 Thread 0x000002ac5fd35750 nmethod 4781 0x000002ac52cc5510 code [0x000002ac52cc56a0, 0x000002ac52cc5768]
Event: 14.805 Thread 0x000002ac5ff67bd0 nmethod 4782 0x000002ac52cc5810 code [0x000002ac52cc59a0, 0x000002ac52cc5a68]
Event: 14.805 Thread 0x000002ac5fd35750 4784       1       org.eclipse.jdt.internal.compiler.classfmt.ModuleInfo::name (5 bytes)
Event: 14.805 Thread 0x000002ac5fdf9050 nmethod 4783 0x000002ac52cc5b10 code [0x000002ac52cc5ca0, 0x000002ac52cc5d68]
Event: 14.805 Thread 0x000002ac5ff67bd0 4785       1       org.eclipse.jdt.internal.core.OpenableElementInfo::setModule (6 bytes)
Event: 14.805 Thread 0x000002ac5fd35750 nmethod 4784 0x000002ac52cc5e10 code [0x000002ac52cc5fa0, 0x000002ac52cc6068]
Event: 14.805 Thread 0x000002ac5ff67bd0 nmethod 4785 0x000002ac52cc6110 code [0x000002ac52cc62a0, 0x000002ac52cc6380]
Event: 14.807 Thread 0x000002ac5ff79910 4786       3       java.util.stream.Nodes$FixedNodeBuilder::begin (52 bytes)
Event: 14.807 Thread 0x000002ac5fdf9050 4789       3       java.util.stream.Nodes$ArrayNode::asArray (25 bytes)
Event: 14.807 Thread 0x000002ac5ff67bd0 4787       3       java.util.stream.Nodes$FixedNodeBuilder::end (51 bytes)
Event: 14.807 Thread 0x000002ac5fd35750 4788       3       java.util.stream.Nodes$FixedNodeBuilder::build (52 bytes)
Event: 14.808 Thread 0x000002ac5fdf9050 nmethod 4789 0x000002ac4b80ca10 code [0x000002ac4b80cbc0, 0x000002ac4b80cde0]
Event: 14.809 Thread 0x000002ac5ff79910 nmethod 4786 0x000002ac4b80cf10 code [0x000002ac4b80d1c0, 0x000002ac4b80e058]

GC Heap History (20 events):
Event: 3.709 GC heap before
{Heap before GC invocations=7 (full 1):
 PSYoungGen      total 29696K, used 4501K [0x00000000d5580000, 0x00000000d7800000, 0x0000000100000000)
  eden space 25088K, 0% used [0x00000000d5580000,0x00000000d5580000,0x00000000d6e00000)
  from space 4608K, 97% used [0x00000000d7380000,0x00000000d77e5758,0x00000000d7800000)
  to   space 5120K, 0% used [0x00000000d6e00000,0x00000000d6e00000,0x00000000d7300000)
 ParOldGen       total 68608K, used 5200K [0x0000000080000000, 0x0000000084300000, 0x00000000d5580000)
  object space 68608K, 7% used [0x0000000080000000,0x0000000080514038,0x0000000084300000)
 Metaspace       used 20841K, committed 21504K, reserved 1114112K
  class space    used 2043K, committed 2368K, reserved 1048576K
}
Event: 3.733 GC heap after
{Heap after GC invocations=7 (full 1):
 PSYoungGen      total 29696K, used 0K [0x00000000d5580000, 0x00000000d7800000, 0x0000000100000000)
  eden space 25088K, 0% used [0x00000000d5580000,0x00000000d5580000,0x00000000d6e00000)
  from space 4608K, 0% used [0x00000000d7380000,0x00000000d7380000,0x00000000d7800000)
  to   space 5120K, 0% used [0x00000000d6e00000,0x00000000d6e00000,0x00000000d7300000)
 ParOldGen       total 68608K, used 8630K [0x0000000080000000, 0x0000000084300000, 0x00000000d5580000)
  object space 68608K, 12% used [0x0000000080000000,0x000000008086db00,0x0000000084300000)
 Metaspace       used 20828K, committed 21504K, reserved 1114112K
  class space    used 2040K, committed 2368K, reserved 1048576K
}
Event: 3.998 GC heap before
{Heap before GC invocations=8 (full 1):
 PSYoungGen      total 29696K, used 25088K [0x00000000d5580000, 0x00000000d7800000, 0x0000000100000000)
  eden space 25088K, 100% used [0x00000000d5580000,0x00000000d6e00000,0x00000000d6e00000)
  from space 4608K, 0% used [0x00000000d7380000,0x00000000d7380000,0x00000000d7800000)
  to   space 5120K, 0% used [0x00000000d6e00000,0x00000000d6e00000,0x00000000d7300000)
 ParOldGen       total 68608K, used 8630K [0x0000000080000000, 0x0000000084300000, 0x00000000d5580000)
  object space 68608K, 12% used [0x0000000080000000,0x000000008086db00,0x0000000084300000)
 Metaspace       used 23001K, committed 23744K, reserved 1114112K
  class space    used 2217K, committed 2560K, reserved 1048576K
}
Event: 4.000 GC heap after
{Heap after GC invocations=8 (full 1):
 PSYoungGen      total 27648K, used 2671K [0x00000000d5580000, 0x00000000d7480000, 0x0000000100000000)
  eden space 24576K, 0% used [0x00000000d5580000,0x00000000d5580000,0x00000000d6d80000)
  from space 3072K, 86% used [0x00000000d6e00000,0x00000000d709bc80,0x00000000d7100000)
  to   space 3584K, 0% used [0x00000000d7100000,0x00000000d7100000,0x00000000d7480000)
 ParOldGen       total 68608K, used 8638K [0x0000000080000000, 0x0000000084300000, 0x00000000d5580000)
  object space 68608K, 12% used [0x0000000080000000,0x000000008086fb00,0x0000000084300000)
 Metaspace       used 23001K, committed 23744K, reserved 1114112K
  class space    used 2217K, committed 2560K, reserved 1048576K
}
Event: 4.495 GC heap before
{Heap before GC invocations=9 (full 1):
 PSYoungGen      total 27648K, used 27247K [0x00000000d5580000, 0x00000000d7480000, 0x0000000100000000)
  eden space 24576K, 100% used [0x00000000d5580000,0x00000000d6d80000,0x00000000d6d80000)
  from space 3072K, 86% used [0x00000000d6e00000,0x00000000d709bc80,0x00000000d7100000)
  to   space 3584K, 0% used [0x00000000d7100000,0x00000000d7100000,0x00000000d7480000)
 ParOldGen       total 68608K, used 8638K [0x0000000080000000, 0x0000000084300000, 0x00000000d5580000)
  object space 68608K, 12% used [0x0000000080000000,0x000000008086fb00,0x0000000084300000)
 Metaspace       used 26711K, committed 27584K, reserved 1114112K
  class space    used 2618K, committed 3008K, reserved 1048576K
}
Event: 4.499 GC heap after
{Heap after GC invocations=9 (full 1):
 PSYoungGen      total 26624K, used 3575K [0x00000000d5580000, 0x00000000d7700000, 0x0000000100000000)
  eden space 23040K, 0% used [0x00000000d5580000,0x00000000d5580000,0x00000000d6c00000)
  from space 3584K, 99% used [0x00000000d7100000,0x00000000d747dd40,0x00000000d7480000)
  to   space 5120K, 0% used [0x00000000d6c00000,0x00000000d6c00000,0x00000000d7100000)
 ParOldGen       total 68608K, used 9550K [0x0000000080000000, 0x0000000084300000, 0x00000000d5580000)
  object space 68608K, 13% used [0x0000000080000000,0x0000000080953b90,0x0000000084300000)
 Metaspace       used 26711K, committed 27584K, reserved 1114112K
  class space    used 2618K, committed 3008K, reserved 1048576K
}
Event: 4.907 GC heap before
{Heap before GC invocations=10 (full 1):
 PSYoungGen      total 26624K, used 26615K [0x00000000d5580000, 0x00000000d7700000, 0x0000000100000000)
  eden space 23040K, 100% used [0x00000000d5580000,0x00000000d6c00000,0x00000000d6c00000)
  from space 3584K, 99% used [0x00000000d7100000,0x00000000d747dd40,0x00000000d7480000)
  to   space 5120K, 0% used [0x00000000d6c00000,0x00000000d6c00000,0x00000000d7100000)
 ParOldGen       total 68608K, used 9550K [0x0000000080000000, 0x0000000084300000, 0x00000000d5580000)
  object space 68608K, 13% used [0x0000000080000000,0x0000000080953b90,0x0000000084300000)
 Metaspace       used 29105K, committed 29952K, reserved 1114112K
  class space    used 2879K, committed 3264K, reserved 1048576K
}
Event: 4.910 GC heap after
{Heap after GC invocations=10 (full 1):
 PSYoungGen      total 27648K, used 5104K [0x00000000d5580000, 0x00000000d7680000, 0x0000000100000000)
  eden space 22528K, 0% used [0x00000000d5580000,0x00000000d5580000,0x00000000d6b80000)
  from space 5120K, 99% used [0x00000000d6c00000,0x00000000d70fc160,0x00000000d7100000)
  to   space 5632K, 0% used [0x00000000d7100000,0x00000000d7100000,0x00000000d7680000)
 ParOldGen       total 68608K, used 9630K [0x0000000080000000, 0x0000000084300000, 0x00000000d5580000)
  object space 68608K, 14% used [0x0000000080000000,0x0000000080967b90,0x0000000084300000)
 Metaspace       used 29105K, committed 29952K, reserved 1114112K
  class space    used 2879K, committed 3264K, reserved 1048576K
}
Event: 13.264 GC heap before
{Heap before GC invocations=11 (full 1):
 PSYoungGen      total 27648K, used 27632K [0x00000000d5580000, 0x00000000d7680000, 0x0000000100000000)
  eden space 22528K, 100% used [0x00000000d5580000,0x00000000d6b80000,0x00000000d6b80000)
  from space 5120K, 99% used [0x00000000d6c00000,0x00000000d70fc160,0x00000000d7100000)
  to   space 5632K, 0% used [0x00000000d7100000,0x00000000d7100000,0x00000000d7680000)
 ParOldGen       total 68608K, used 9630K [0x0000000080000000, 0x0000000084300000, 0x00000000d5580000)
  object space 68608K, 14% used [0x0000000080000000,0x0000000080967b90,0x0000000084300000)
 Metaspace       used 31612K, committed 32576K, reserved 1114112K
  class space    used 3156K, committed 3584K, reserved 1048576K
}
Event: 13.270 GC heap after
{Heap after GC invocations=11 (full 1):
 PSYoungGen      total 24576K, used 2126K [0x00000000d5580000, 0x00000000d7380000, 0x0000000100000000)
  eden space 22016K, 0% used [0x00000000d5580000,0x00000000d5580000,0x00000000d6b00000)
  from space 2560K, 83% used [0x00000000d7100000,0x00000000d7313b08,0x00000000d7380000)
  to   space 3584K, 0% used [0x00000000d6c80000,0x00000000d6c80000,0x00000000d7000000)
 ParOldGen       total 68608K, used 13177K [0x0000000080000000, 0x0000000084300000, 0x00000000d5580000)
  object space 68608K, 19% used [0x0000000080000000,0x0000000080cde498,0x0000000084300000)
 Metaspace       used 31612K, committed 32576K, reserved 1114112K
  class space    used 3156K, committed 3584K, reserved 1048576K
}
Event: 13.477 GC heap before
{Heap before GC invocations=12 (full 1):
 PSYoungGen      total 24576K, used 24142K [0x00000000d5580000, 0x00000000d7380000, 0x0000000100000000)
  eden space 22016K, 100% used [0x00000000d5580000,0x00000000d6b00000,0x00000000d6b00000)
  from space 2560K, 83% used [0x00000000d7100000,0x00000000d7313b08,0x00000000d7380000)
  to   space 3584K, 0% used [0x00000000d6c80000,0x00000000d6c80000,0x00000000d7000000)
 ParOldGen       total 68608K, used 13177K [0x0000000080000000, 0x0000000084300000, 0x00000000d5580000)
  object space 68608K, 19% used [0x0000000080000000,0x0000000080cde498,0x0000000084300000)
 Metaspace       used 31976K, committed 32896K, reserved 1114112K
  class space    used 3186K, committed 3584K, reserved 1048576K
}
Event: 13.483 GC heap after
{Heap after GC invocations=12 (full 1):
 PSYoungGen      total 24576K, used 2528K [0x00000000d5580000, 0x00000000d7180000, 0x0000000100000000)
  eden space 22016K, 0% used [0x00000000d5580000,0x00000000d5580000,0x00000000d6b00000)
  from space 2560K, 98% used [0x00000000d6c80000,0x00000000d6ef8030,0x00000000d6f00000)
  to   space 2560K, 0% used [0x00000000d6f00000,0x00000000d6f00000,0x00000000d7180000)
 ParOldGen       total 68608K, used 15138K [0x0000000080000000, 0x0000000084300000, 0x00000000d5580000)
  object space 68608K, 22% used [0x0000000080000000,0x0000000080ec8938,0x0000000084300000)
 Metaspace       used 31976K, committed 32896K, reserved 1114112K
  class space    used 3186K, committed 3584K, reserved 1048576K
}
Event: 13.748 GC heap before
{Heap before GC invocations=13 (full 1):
 PSYoungGen      total 24576K, used 24544K [0x00000000d5580000, 0x00000000d7180000, 0x0000000100000000)
  eden space 22016K, 100% used [0x00000000d5580000,0x00000000d6b00000,0x00000000d6b00000)
  from space 2560K, 98% used [0x00000000d6c80000,0x00000000d6ef8030,0x00000000d6f00000)
  to   space 2560K, 0% used [0x00000000d6f00000,0x00000000d6f00000,0x00000000d7180000)
 ParOldGen       total 68608K, used 15138K [0x0000000080000000, 0x0000000084300000, 0x00000000d5580000)
  object space 68608K, 22% used [0x0000000080000000,0x0000000080ec8938,0x0000000084300000)
 Metaspace       used 32360K, committed 33280K, reserved 1114112K
  class space    used 3243K, committed 3648K, reserved 1048576K
}
Event: 13.753 GC heap after
{Heap after GC invocations=13 (full 1):
 PSYoungGen      total 23040K, used 2545K [0x00000000d5580000, 0x00000000d7600000, 0x0000000100000000)
  eden space 20480K, 0% used [0x00000000d5580000,0x00000000d5580000,0x00000000d6980000)
  from space 2560K, 99% used [0x00000000d6f00000,0x00000000d717c420,0x00000000d7180000)
  to   space 5632K, 0% used [0x00000000d6980000,0x00000000d6980000,0x00000000d6f00000)
 ParOldGen       total 68608K, used 17450K [0x0000000080000000, 0x0000000084300000, 0x00000000d5580000)
  object space 68608K, 25% used [0x0000000080000000,0x000000008110a968,0x0000000084300000)
 Metaspace       used 32360K, committed 33280K, reserved 1114112K
  class space    used 3243K, committed 3648K, reserved 1048576K
}
Event: 13.851 GC heap before
{Heap before GC invocations=14 (full 1):
 PSYoungGen      total 23040K, used 23025K [0x00000000d5580000, 0x00000000d7600000, 0x0000000100000000)
  eden space 20480K, 100% used [0x00000000d5580000,0x00000000d6980000,0x00000000d6980000)
  from space 2560K, 99% used [0x00000000d6f00000,0x00000000d717c420,0x00000000d7180000)
  to   space 5632K, 0% used [0x00000000d6980000,0x00000000d6980000,0x00000000d6f00000)
 ParOldGen       total 68608K, used 17450K [0x0000000080000000, 0x0000000084300000, 0x00000000d5580000)
  object space 68608K, 25% used [0x0000000080000000,0x000000008110a968,0x0000000084300000)
 Metaspace       used 32374K, committed 33280K, reserved 1114112K
  class space    used 3243K, committed 3648K, reserved 1048576K
}
Event: 13.861 GC heap after
{Heap after GC invocations=14 (full 1):
 PSYoungGen      total 23040K, used 2500K [0x00000000d5580000, 0x00000000d7080000, 0x0000000100000000)
  eden space 20480K, 0% used [0x00000000d5580000,0x00000000d5580000,0x00000000d6980000)
  from space 2560K, 97% used [0x00000000d6980000,0x00000000d6bf1000,0x00000000d6c00000)
  to   space 3584K, 0% used [0x00000000d6d00000,0x00000000d6d00000,0x00000000d7080000)
 ParOldGen       total 68608K, used 19861K [0x0000000080000000, 0x0000000084300000, 0x00000000d5580000)
  object space 68608K, 28% used [0x0000000080000000,0x0000000081365670,0x0000000084300000)
 Metaspace       used 32374K, committed 33280K, reserved 1114112K
  class space    used 3243K, committed 3648K, reserved 1048576K
}
Event: 14.220 GC heap before
{Heap before GC invocations=15 (full 1):
 PSYoungGen      total 23040K, used 22980K [0x00000000d5580000, 0x00000000d7080000, 0x0000000100000000)
  eden space 20480K, 100% used [0x00000000d5580000,0x00000000d6980000,0x00000000d6980000)
  from space 2560K, 97% used [0x00000000d6980000,0x00000000d6bf1000,0x00000000d6c00000)
  to   space 3584K, 0% used [0x00000000d6d00000,0x00000000d6d00000,0x00000000d7080000)
 ParOldGen       total 68608K, used 19861K [0x0000000080000000, 0x0000000084300000, 0x00000000d5580000)
  object space 68608K, 28% used [0x0000000080000000,0x0000000081365670,0x0000000084300000)
 Metaspace       used 32382K, committed 33280K, reserved 1114112K
  class space    used 3243K, committed 3648K, reserved 1048576K
}
Event: 14.225 GC heap after
{Heap after GC invocations=15 (full 1):
 PSYoungGen      total 23040K, used 2240K [0x00000000d5580000, 0x00000000d6f80000, 0x0000000100000000)
  eden space 20480K, 0% used [0x00000000d5580000,0x00000000d5580000,0x00000000d6980000)
  from space 2560K, 87% used [0x00000000d6d00000,0x00000000d6f30000,0x00000000d6f80000)
  to   space 2560K, 0% used [0x00000000d6980000,0x00000000d6980000,0x00000000d6c00000)
 ParOldGen       total 68608K, used 22217K [0x0000000080000000, 0x0000000084300000, 0x00000000d5580000)
  object space 68608K, 32% used [0x0000000080000000,0x00000000815b2648,0x0000000084300000)
 Metaspace       used 32382K, committed 33280K, reserved 1114112K
  class space    used 3243K, committed 3648K, reserved 1048576K
}
Event: 14.758 GC heap before
{Heap before GC invocations=16 (full 1):
 PSYoungGen      total 23040K, used 22720K [0x00000000d5580000, 0x00000000d6f80000, 0x0000000100000000)
  eden space 20480K, 100% used [0x00000000d5580000,0x00000000d6980000,0x00000000d6980000)
  from space 2560K, 87% used [0x00000000d6d00000,0x00000000d6f30000,0x00000000d6f80000)
  to   space 2560K, 0% used [0x00000000d6980000,0x00000000d6980000,0x00000000d6c00000)
 ParOldGen       total 68608K, used 22217K [0x0000000080000000, 0x0000000084300000, 0x00000000d5580000)
  object space 68608K, 32% used [0x0000000080000000,0x00000000815b2648,0x0000000084300000)
 Metaspace       used 32426K, committed 33344K, reserved 1114112K
  class space    used 3244K, committed 3648K, reserved 1048576K
}
Event: 14.763 GC heap after
{Heap after GC invocations=16 (full 1):
 PSYoungGen      total 23040K, used 2336K [0x00000000d5580000, 0x00000000d6e80000, 0x0000000100000000)
  eden space 20480K, 0% used [0x00000000d5580000,0x00000000d5580000,0x00000000d6980000)
  from space 2560K, 91% used [0x00000000d6980000,0x00000000d6bc8010,0x00000000d6c00000)
  to   space 2560K, 0% used [0x00000000d6c00000,0x00000000d6c00000,0x00000000d6e80000)
 ParOldGen       total 68608K, used 24249K [0x0000000080000000, 0x0000000084300000, 0x00000000d5580000)
  object space 68608K, 35% used [0x0000000080000000,0x00000000817ae648,0x0000000084300000)
 Metaspace       used 32426K, committed 33344K, reserved 1114112K
  class space    used 3244K, committed 3648K, reserved 1048576K
}

Dll operation events (10 events):
Event: 0.010 Loaded shared library c:\Users\Kumar Aditya\.vscode\extensions\redhat.java-1.44.0-win32-x64\jre\21.0.8-win32-x86_64\bin\java.dll
Event: 0.080 Loaded shared library c:\Users\Kumar Aditya\.vscode\extensions\redhat.java-1.44.0-win32-x64\jre\21.0.8-win32-x86_64\bin\zip.dll
Event: 0.113 Loaded shared library C:\Users\Kumar Aditya\.vscode\extensions\redhat.java-1.44.0-win32-x64\jre\21.0.8-win32-x86_64\bin\instrument.dll
Event: 0.123 Loaded shared library C:\Users\Kumar Aditya\.vscode\extensions\redhat.java-1.44.0-win32-x64\jre\21.0.8-win32-x86_64\bin\net.dll
Event: 0.128 Loaded shared library C:\Users\Kumar Aditya\.vscode\extensions\redhat.java-1.44.0-win32-x64\jre\21.0.8-win32-x86_64\bin\nio.dll
Event: 0.133 Loaded shared library C:\Users\Kumar Aditya\.vscode\extensions\redhat.java-1.44.0-win32-x64\jre\21.0.8-win32-x86_64\bin\zip.dll
Event: 0.157 Loaded shared library C:\Users\Kumar Aditya\.vscode\extensions\redhat.java-1.44.0-win32-x64\jre\21.0.8-win32-x86_64\bin\jimage.dll
Event: 0.282 Loaded shared library c:\Users\Kumar Aditya\.vscode\extensions\redhat.java-1.44.0-win32-x64\jre\21.0.8-win32-x86_64\bin\verify.dll
Event: 1.923 Loaded shared library C:\Users\Kumar Aditya\AppData\Roaming\Code\User\globalStorage\redhat.java\1.44.0\config_ss_win\org.eclipse.equinox.launcher\org.eclipse.equinox.launcher.win32.win32.x86_64_1.2.1400.v20250730-1736\eclipse_11913.dll
Event: 3.150 Loaded shared library C:\Users\Kumar Aditya\AppData\Local\Temp\jna--764449214\jna9351533108351186621.dll

Deoptimization events (20 events):
Event: 14.728 Thread 0x000002ac68004b70 Uncommon trap: trap_request=0xffffff45 fr.pc=0x000002ac52c79a74 relative=0x00000000000023b4
Event: 14.728 Thread 0x000002ac68004b70 Uncommon trap: reason=unstable_if action=reinterpret pc=0x000002ac52c79a74 method=org.eclipse.jdt.internal.core.JarPackageFragmentRoot.initRawPackageInfo(Ljava/util/Map;Ljava/lang/String;Ljava/lang/String;ZLjava/lang/String;)V @ 151 c2
Event: 14.728 Thread 0x000002ac68004b70 DEOPT PACKING pc=0x000002ac52c79a74 sp=0x000000dff6dfd680
Event: 14.728 Thread 0x000002ac68004b70 DEOPT UNPACKING pc=0x000002ac52333aa2 sp=0x000000dff6dfd648 mode 2
Event: 14.729 Thread 0x000002ac68004b70 Uncommon trap: trap_request=0xffffff45 fr.pc=0x000002ac52cb0768 relative=0x00000000000054c8
Event: 14.729 Thread 0x000002ac68004b70 Uncommon trap: reason=unstable_if action=reinterpret pc=0x000002ac52cb0768 method=org.eclipse.jdt.internal.core.JarPackageFragmentRoot.initRawPackageInfo(Ljava/util/Map;Ljava/lang/String;Ljava/lang/String;ZLjava/lang/String;)V @ 151 c2
Event: 14.729 Thread 0x000002ac68004b70 DEOPT PACKING pc=0x000002ac52cb0768 sp=0x000000dff6dfd820
Event: 14.729 Thread 0x000002ac68004b70 DEOPT UNPACKING pc=0x000002ac52333aa2 sp=0x000000dff6dfd618 mode 2
Event: 14.729 Thread 0x000002ac68004b70 Uncommon trap: trap_request=0xffffff45 fr.pc=0x000002ac52ca39c4 relative=0x00000000000054a4
Event: 14.729 Thread 0x000002ac68004b70 Uncommon trap: reason=unstable_if action=reinterpret pc=0x000002ac52ca39c4 method=org.eclipse.jdt.internal.core.JarPackageFragmentRoot.initRawPackageInfo(Ljava/util/Map;Ljava/lang/String;Ljava/lang/String;ZLjava/lang/String;)V @ 151 c2
Event: 14.729 Thread 0x000002ac68004b70 DEOPT PACKING pc=0x000002ac52ca39c4 sp=0x000000dff6dfd7b0
Event: 14.729 Thread 0x000002ac68004b70 DEOPT UNPACKING pc=0x000002ac52333aa2 sp=0x000000dff6dfd618 mode 2
Event: 14.729 Thread 0x000002ac68004b70 Uncommon trap: trap_request=0xffffff45 fr.pc=0x000002ac52c6c818 relative=0x0000000000002278
Event: 14.729 Thread 0x000002ac68004b70 Uncommon trap: reason=unstable_if action=reinterpret pc=0x000002ac52c6c818 method=org.eclipse.jdt.internal.core.JarPackageFragmentRoot.initRawPackageInfo(Ljava/util/Map;Ljava/lang/String;Ljava/lang/String;ZLjava/lang/String;)V @ 151 c2
Event: 14.729 Thread 0x000002ac68004b70 DEOPT PACKING pc=0x000002ac52c6c818 sp=0x000000dff6dfd720
Event: 14.729 Thread 0x000002ac68004b70 DEOPT UNPACKING pc=0x000002ac52333aa2 sp=0x000000dff6dfd618 mode 2
Event: 14.729 Thread 0x000002ac68004b70 Uncommon trap: trap_request=0xffffff45 fr.pc=0x000002ac52c639b8 relative=0x0000000000002298
Event: 14.729 Thread 0x000002ac68004b70 Uncommon trap: reason=unstable_if action=reinterpret pc=0x000002ac52c639b8 method=org.eclipse.jdt.internal.core.JarPackageFragmentRoot.initRawPackageInfo(Ljava/util/Map;Ljava/lang/String;Ljava/lang/String;ZLjava/lang/String;)V @ 151 c2
Event: 14.729 Thread 0x000002ac68004b70 DEOPT PACKING pc=0x000002ac52c639b8 sp=0x000000dff6dfd6a0
Event: 14.729 Thread 0x000002ac68004b70 DEOPT UNPACKING pc=0x000002ac52333aa2 sp=0x000000dff6dfd610 mode 2

Classes loaded (20 events):
Event: 13.282 Loading class java/nio/file/FileVisitResult
Event: 13.282 Loading class java/nio/file/FileVisitResult done
Event: 13.332 Loading class java/lang/runtime/ObjectMethods
Event: 13.332 Loading class java/lang/runtime/ObjectMethods done
Event: 13.334 Loading class java/lang/invoke/MethodHandleImpl$Makers
Event: 13.334 Loading class java/lang/invoke/MethodHandleImpl$Makers done
Event: 13.334 Loading class java/lang/invoke/MethodHandleImpl$Makers$1
Event: 13.334 Loading class java/lang/invoke/MethodHandleImpl$Makers$1 done
Event: 13.334 Loading class java/lang/invoke/MethodHandleImpl$Makers$2
Event: 13.334 Loading class java/lang/invoke/MethodHandleImpl$Makers$2 done
Event: 13.334 Loading class java/lang/invoke/MethodHandleImpl$Makers$3
Event: 13.335 Loading class java/lang/invoke/MethodHandleImpl$Makers$3 done
Event: 13.339 Loading class java/lang/runtime/ObjectMethods$1
Event: 13.339 Loading class java/lang/runtime/ObjectMethods$1 done
Event: 13.613 Loading class java/util/AbstractList$ListItr
Event: 13.614 Loading class java/util/AbstractList$ListItr done
Event: 13.656 Loading class java/nio/channels/Channels$ReadableByteChannelImpl
Event: 13.657 Loading class java/nio/channels/Channels$ReadableByteChannelImpl done
Event: 13.659 Loading class java/nio/channels/NonWritableChannelException
Event: 13.659 Loading class java/nio/channels/NonWritableChannelException done

Classes unloaded (7 events):
Event: 3.714 Thread 0x000002ac5fcf32d0 Unloading class 0x000002ac01189400 'java/lang/invoke/LambdaForm$MH+0x000002ac01189400'
Event: 3.714 Thread 0x000002ac5fcf32d0 Unloading class 0x000002ac01189000 'java/lang/invoke/LambdaForm$MH+0x000002ac01189000'
Event: 3.714 Thread 0x000002ac5fcf32d0 Unloading class 0x000002ac01188c00 'java/lang/invoke/LambdaForm$MH+0x000002ac01188c00'
Event: 3.714 Thread 0x000002ac5fcf32d0 Unloading class 0x000002ac01188800 'java/lang/invoke/LambdaForm$MH+0x000002ac01188800'
Event: 3.714 Thread 0x000002ac5fcf32d0 Unloading class 0x000002ac01188400 'java/lang/invoke/LambdaForm$BMH+0x000002ac01188400'
Event: 3.714 Thread 0x000002ac5fcf32d0 Unloading class 0x000002ac01188000 'java/lang/invoke/LambdaForm$DMH+0x000002ac01188000'
Event: 3.714 Thread 0x000002ac5fcf32d0 Unloading class 0x000002ac01186c00 'java/lang/invoke/LambdaForm$DMH+0x000002ac01186c00'

Classes redefined (0 events):
No events

Internal exceptions (20 events):
Event: 4.654 Thread 0x000002ac47c9b910 Exception <a 'java/lang/NoSuchMethodError'{0x00000000d612b0f0}: 'void java.lang.invoke.DirectMethodHandle$Holder.invokeSpecial(java.lang.Object, java.lang.Object, java.lang.Object, java.lang.Object, java.lang.Object, java.lang.Object)'> (0x00000000d612b0f0) 
thrown [s\src\hotspot\share\interpreter\linkResolver.cpp, line 773]
Event: 4.660 Thread 0x000002ac47c9b910 Exception <a 'java/lang/IncompatibleClassChangeError'{0x00000000d6139fd0}: Found class java.lang.Object, but interface was expected> (0x00000000d6139fd0) 
thrown [s\src\hotspot\share\interpreter\linkResolver.cpp, line 840]
Event: 4.660 Thread 0x000002ac47c9b910 Exception <a 'java/lang/IncompatibleClassChangeError'{0x00000000d613bdc0}: Found class java.lang.Object, but interface was expected> (0x00000000d613bdc0) 
thrown [s\src\hotspot\share\interpreter\linkResolver.cpp, line 840]
Event: 11.790 Thread 0x000002ac680037c0 Exception <a 'java/lang/NoSuchMethodError'{0x00000000d5af2c60}: 'java.lang.Object java.lang.invoke.DirectMethodHandle$Holder.invokeInterface(java.lang.Object, java.lang.Object, java.lang.Object)'> (0x00000000d5af2c60) 
thrown [s\src\hotspot\share\interpreter\linkResolver.cpp, line 773]
Event: 11.823 Thread 0x000002ac680037c0 Exception <a 'java/io/FileNotFoundException'{0x00000000d5b80d20}> (0x00000000d5b80d20) 
thrown [s\src\hotspot\share\prims\jni.cpp, line 520]
Event: 11.926 Thread 0x000002ac680037c0 Exception <a 'sun/nio/fs/WindowsException'{0x00000000d6174d90}> (0x00000000d6174d90) 
thrown [s\src\hotspot\share\prims\jni.cpp, line 520]
Event: 12.559 Thread 0x000002ac680037c0 Exception <a 'java/lang/IncompatibleClassChangeError'{0x00000000d6516a30}: Found class java.lang.Object, but interface was expected> (0x00000000d6516a30) 
thrown [s\src\hotspot\share\interpreter\linkResolver.cpp, line 840]
Event: 13.035 Thread 0x000002ac680037c0 Exception <a 'java/lang/IncompatibleClassChangeError'{0x00000000d65afcb0}: Found class java.lang.Object, but interface was expected> (0x00000000d65afcb0) 
thrown [s\src\hotspot\share\interpreter\linkResolver.cpp, line 840]
Event: 13.182 Thread 0x000002ac68004b70 Implicit null exception at 0x000002ac52ba1a77 to 0x000002ac52ba1ce8
Event: 13.183 Thread 0x000002ac68004b70 Exception <a 'java/lang/NoSuchMethodError'{0x00000000d68ffb40}: 'long java.lang.invoke.DirectMethodHandle$Holder.invokeStatic(java.lang.Object, java.lang.Object, int)'> (0x00000000d68ffb40) 
thrown [s\src\hotspot\share\interpreter\linkResolver.cpp, line 773]
Event: 13.185 Thread 0x000002ac68004b70 Exception <a 'java/lang/NoSuchMethodError'{0x00000000d690a390}: 'java.lang.Object java.lang.invoke.DelegatingMethodHandle$Holder.reinvoke_L(java.lang.Object, int, long, java.lang.Object, java.lang.Object, int, java.lang.Object)'> (0x00000000d690a390) 
thrown [s\src\hotspot\share\interpreter\linkResolver.cpp, line 773]
Event: 13.333 Thread 0x000002ac68004b70 Exception <a 'java/lang/NoSuchMethodError'{0x00000000d58b2808}: 'java.lang.Object java.lang.invoke.DirectMethodHandle$Holder.invokeStaticInit(java.lang.Object, java.lang.Object, java.lang.Object, java.lang.Object, java.lang.Object, java.lang.Object, java.lang.Object)'> (0x00000000d58b2808) 
thrown [s\src\hotspot\share\interpreter\linkResolver.cpp, line 773]
Event: 13.333 Thread 0x000002ac68004b70 Exception <a 'java/lang/NoSuchMethodError'{0x00000000d58b7908}: 'java.lang.Object java.lang.invoke.Invokers$Holder.invoke_MT(java.lang.Object, java.lang.Object, java.lang.Object, java.lang.Object, java.lang.Object, java.lang.Object, java.lang.Object, java.lang.Object, java.lang.Object, java.lang.Object)'> (0x00000000d58b7908) 
thrown [s\src\hotspot\share\interpreter\linkResolver.cpp, line 773]
Event: 13.339 Thread 0x000002ac68004b70 Exception <a 'java/lang/NoSuchMethodError'{0x00000000d58f7a28}: 'int java.lang.invoke.DirectMethodHandle$Holder.invokeVirtual(java.lang.Object, java.lang.Object, java.lang.Object)'> (0x00000000d58f7a28) 
thrown [s\src\hotspot\share\interpreter\linkResolver.cpp, line 773]
Event: 13.340 Thread 0x000002ac68004b70 Exception <a 'java/lang/NoSuchMethodError'{0x00000000d58fbdd0}: 'int java.lang.invoke.DirectMethodHandle$Holder.invokeStaticInit(java.lang.Object, int, int)'> (0x00000000d58fbdd0) 
thrown [s\src\hotspot\share\interpreter\linkResolver.cpp, line 773]
Event: 13.341 Thread 0x000002ac68004b70 Exception <a 'java/lang/NoSuchMethodError'{0x00000000d59037e0}: 'int java.lang.invoke.DirectMethodHandle$Holder.invokeStaticInit(java.lang.Object, long, long)'> (0x00000000d59037e0) 
thrown [s\src\hotspot\share\interpreter\linkResolver.cpp, line 773]
Event: 13.342 Thread 0x000002ac68004b70 Exception <a 'java/lang/NoSuchMethodError'{0x00000000d590a528}: 'int java.lang.invoke.DirectMethodHandle$Holder.invokeStaticInit(java.lang.Object, float, float)'> (0x00000000d590a528) 
thrown [s\src\hotspot\share\interpreter\linkResolver.cpp, line 773]
Event: 13.343 Thread 0x000002ac68004b70 Exception <a 'java/lang/NoSuchMethodError'{0x00000000d59114b8}: 'int java.lang.invoke.DirectMethodHandle$Holder.invokeStaticInit(java.lang.Object, double, double)'> (0x00000000d59114b8) 
thrown [s\src\hotspot\share\interpreter\linkResolver.cpp, line 773]
Event: 13.344 Thread 0x000002ac68004b70 Exception <a 'java/lang/NoSuchMethodError'{0x00000000d5915d08}: 'int java.lang.invoke.DirectMethodHandle$Holder.invokeStatic(java.lang.Object, long)'> (0x00000000d5915d08) 
thrown [s\src\hotspot\share\interpreter\linkResolver.cpp, line 773]
Event: 13.349 Thread 0x000002ac68004b70 Exception <a 'java/lang/NoSuchMethodError'{0x00000000d5934ee8}: 'int java.lang.invoke.Invokers$Holder.linkToTargetMethod(java.lang.Object, java.lang.Object)'> (0x00000000d5934ee8) 
thrown [s\src\hotspot\share\interpreter\linkResolver.cpp, line 773]

ZGC Phase Switch (0 events):
No events

VM Operations (20 events):
Event: 13.151 Executing VM operation: HandshakeAllThreads (Deoptimize)
Event: 13.151 Executing VM operation: HandshakeAllThreads (Deoptimize) done
Event: 13.162 Executing VM operation: HandshakeAllThreads (Deoptimize)
Event: 13.162 Executing VM operation: HandshakeAllThreads (Deoptimize) done
Event: 13.217 Executing VM operation: HandshakeAllThreads (Deoptimize)
Event: 13.217 Executing VM operation: HandshakeAllThreads (Deoptimize) done
Event: 13.218 Executing VM operation: HandshakeAllThreads (Deoptimize)
Event: 13.219 Executing VM operation: HandshakeAllThreads (Deoptimize) done
Event: 13.264 Executing VM operation: ParallelGCFailedAllocation (Allocation Failure)
Event: 13.270 Executing VM operation: ParallelGCFailedAllocation (Allocation Failure) done
Event: 13.477 Executing VM operation: ParallelGCFailedAllocation (Allocation Failure)
Event: 13.483 Executing VM operation: ParallelGCFailedAllocation (Allocation Failure) done
Event: 13.748 Executing VM operation: ParallelGCFailedAllocation (Allocation Failure)
Event: 13.753 Executing VM operation: ParallelGCFailedAllocation (Allocation Failure) done
Event: 13.851 Executing VM operation: ParallelGCFailedAllocation (Allocation Failure)
Event: 13.862 Executing VM operation: ParallelGCFailedAllocation (Allocation Failure) done
Event: 14.220 Executing VM operation: ParallelGCFailedAllocation (Allocation Failure)
Event: 14.226 Executing VM operation: ParallelGCFailedAllocation (Allocation Failure) done
Event: 14.758 Executing VM operation: ParallelGCFailedAllocation (Allocation Failure)
Event: 14.763 Executing VM operation: ParallelGCFailedAllocation (Allocation Failure) done

Memory protections (0 events):
No events

Nmethod flushes (0 events):
No events

Events (20 events):
Event: 11.641 Thread 0x000002ac6675b930 Thread exited: 0x000002ac6675b930
Event: 11.641 Thread 0x000002ac67328da0 Thread exited: 0x000002ac67328da0
Event: 11.641 Thread 0x000002ac66b58430 Thread exited: 0x000002ac66b58430
Event: 11.642 Thread 0x000002ac66747110 Thread exited: 0x000002ac66747110
Event: 13.067 Thread 0x000002ac680037c0 Thread added: 0x000002ac68004b70
Event: 13.272 Thread 0x000002ac5fd07940 Thread added: 0x000002ac5ff73bf0
Event: 13.272 Thread 0x000002ac5fd07940 Thread added: 0x000002ac5ff74290
Event: 13.290 Thread 0x000002ac5fdf9050 Thread added: 0x000002ac5ff79910
Event: 13.460 Thread 0x000002ac5ff73bf0 Thread added: 0x000002ac61887b30
Event: 13.460 Thread 0x000002ac5ff73bf0 Thread added: 0x000002ac6776a120
Event: 13.511 Thread 0x000002ac5ff67bd0 Thread added: 0x000002ac5fdab560
Event: 13.543 Thread 0x000002ac5fd07940 Thread added: 0x000002ac67a8e6d0
Event: 13.543 Thread 0x000002ac5fd07940 Thread added: 0x000002ac67f40ab0
Event: 14.371 Thread 0x000002ac67f40ab0 Thread exited: 0x000002ac67f40ab0
Event: 14.428 Thread 0x000002ac67a8e6d0 Thread exited: 0x000002ac67a8e6d0
Event: 14.428 Thread 0x000002ac5fdab560 Thread exited: 0x000002ac5fdab560
Event: 14.513 Thread 0x000002ac6776a120 Thread exited: 0x000002ac6776a120
Event: 14.534 Thread 0x000002ac61887b30 Thread exited: 0x000002ac61887b30
Event: 14.534 Thread 0x000002ac5ff74290 Thread exited: 0x000002ac5ff74290
Event: 14.790 Thread 0x000002ac5ff79910 Thread added: 0x000002ac5ff74290


Dynamic libraries:
0x00007ff6984b0000 - 0x00007ff6984be000 	c:\Users\Kumar Aditya\.vscode\extensions\redhat.java-1.44.0-win32-x64\jre\21.0.8-win32-x86_64\bin\java.exe
0x00007ffe5b8c0000 - 0x00007ffe5bb27000 	C:\WINDOWS\SYSTEM32\ntdll.dll
0x00007ffe59cd0000 - 0x00007ffe59d99000 	C:\WINDOWS\System32\KERNEL32.DLL
0x00007ffe59080000 - 0x00007ffe59470000 	C:\WINDOWS\System32\KERNELBASE.dll
0x00007ffe58c20000 - 0x00007ffe58d6b000 	C:\WINDOWS\System32\ucrtbase.dll
0x00007ffe34b70000 - 0x00007ffe34b8e000 	c:\Users\Kumar Aditya\.vscode\extensions\redhat.java-1.44.0-win32-x64\jre\21.0.8-win32-x86_64\bin\VCRUNTIME140.dll
0x00007ffe2d550000 - 0x00007ffe2d568000 	c:\Users\Kumar Aditya\.vscode\extensions\redhat.java-1.44.0-win32-x64\jre\21.0.8-win32-x86_64\bin\jli.dll
0x00007ffe598b0000 - 0x00007ffe59a75000 	C:\WINDOWS\System32\USER32.dll
0x00007ffe58e30000 - 0x00007ffe58e57000 	C:\WINDOWS\System32\win32u.dll
0x00007ffe39270000 - 0x00007ffe3950a000 	C:\WINDOWS\WinSxS\amd64_microsoft.windows.common-controls_6595b64144ccf1df_6.0.26100.4768_none_3e0c112ce331287c\COMCTL32.dll
0x00007ffe59770000 - 0x00007ffe5979b000 	C:\WINDOWS\System32\GDI32.dll
0x00007ffe5b500000 - 0x00007ffe5b5a9000 	C:\WINDOWS\System32\msvcrt.dll
0x00007ffe59510000 - 0x00007ffe59648000 	C:\WINDOWS\System32\gdi32full.dll
0x00007ffe589f0000 - 0x00007ffe58a93000 	C:\WINDOWS\System32\msvcp_win.dll
0x00007ffe59a80000 - 0x00007ffe59aaf000 	C:\WINDOWS\System32\IMM32.DLL
0x00007ffe4ffc0000 - 0x00007ffe4ffcc000 	c:\Users\Kumar Aditya\.vscode\extensions\redhat.java-1.44.0-win32-x64\jre\21.0.8-win32-x86_64\bin\vcruntime140_1.dll
0x00007ffe08140000 - 0x00007ffe081cd000 	c:\Users\Kumar Aditya\.vscode\extensions\redhat.java-1.44.0-win32-x64\jre\21.0.8-win32-x86_64\bin\msvcp140.dll
0x00007ffd84690000 - 0x00007ffd85427000 	c:\Users\Kumar Aditya\.vscode\extensions\redhat.java-1.44.0-win32-x64\jre\21.0.8-win32-x86_64\bin\server\jvm.dll
0x00007ffe5aac0000 - 0x00007ffe5ab74000 	C:\WINDOWS\System32\ADVAPI32.dll
0x00007ffe5b7d0000 - 0x00007ffe5b876000 	C:\WINDOWS\System32\sechost.dll
0x00007ffe59650000 - 0x00007ffe59768000 	C:\WINDOWS\System32\RPCRT4.dll
0x00007ffe5b480000 - 0x00007ffe5b4f4000 	C:\WINDOWS\System32\WS2_32.dll
0x00007ffe476a0000 - 0x00007ffe476ab000 	C:\WINDOWS\SYSTEM32\VERSION.dll
0x00007ffe58870000 - 0x00007ffe588ce000 	C:\WINDOWS\SYSTEM32\POWRPROF.dll
0x00007ffe4e140000 - 0x00007ffe4e175000 	C:\WINDOWS\SYSTEM32\WINMM.dll
0x00007ffe58850000 - 0x00007ffe58864000 	C:\WINDOWS\SYSTEM32\UMPDC.dll
0x00007ffe57740000 - 0x00007ffe5775b000 	C:\WINDOWS\SYSTEM32\kernel.appcore.dll
0x00007ffe4fec0000 - 0x00007ffe4feca000 	c:\Users\Kumar Aditya\.vscode\extensions\redhat.java-1.44.0-win32-x64\jre\21.0.8-win32-x86_64\bin\jimage.dll
0x00007ffe39630000 - 0x00007ffe39871000 	C:\WINDOWS\SYSTEM32\DBGHELP.DLL
0x00007ffe5adc0000 - 0x00007ffe5b145000 	C:\WINDOWS\System32\combase.dll
0x00007ffe597c0000 - 0x00007ffe598a0000 	C:\WINDOWS\System32\OLEAUT32.dll
0x00007ffe386b0000 - 0x00007ffe386f3000 	C:\WINDOWS\SYSTEM32\dbgcore.DLL
0x00007ffe58e60000 - 0x00007ffe58ef9000 	C:\WINDOWS\System32\bcryptPrimitives.dll
0x00007ffe4d4c0000 - 0x00007ffe4d4cf000 	c:\Users\Kumar Aditya\.vscode\extensions\redhat.java-1.44.0-win32-x64\jre\21.0.8-win32-x86_64\bin\instrument.dll
0x00007ffe219e0000 - 0x00007ffe219ff000 	c:\Users\Kumar Aditya\.vscode\extensions\redhat.java-1.44.0-win32-x64\jre\21.0.8-win32-x86_64\bin\java.dll
0x00007ffe5a2a0000 - 0x00007ffe5a9ed000 	C:\WINDOWS\System32\SHELL32.dll
0x00007ffe58f00000 - 0x00007ffe59073000 	C:\WINDOWS\System32\wintypes.dll
0x00007ffe56590000 - 0x00007ffe56df0000 	C:\WINDOWS\SYSTEM32\windows.storage.dll
0x00007ffe5b1d0000 - 0x00007ffe5b2c5000 	C:\WINDOWS\System32\SHCORE.dll
0x00007ffe59da0000 - 0x00007ffe59e0a000 	C:\WINDOWS\System32\shlwapi.dll
0x00007ffe58910000 - 0x00007ffe58939000 	C:\WINDOWS\SYSTEM32\profapi.dll
0x00007ffe214c0000 - 0x00007ffe214d8000 	c:\Users\Kumar Aditya\.vscode\extensions\redhat.java-1.44.0-win32-x64\jre\21.0.8-win32-x86_64\bin\zip.dll
0x00007ffe4d460000 - 0x00007ffe4d470000 	C:\Users\Kumar Aditya\.vscode\extensions\redhat.java-1.44.0-win32-x64\jre\21.0.8-win32-x86_64\bin\net.dll
0x00007ffe51b90000 - 0x00007ffe51cae000 	C:\WINDOWS\SYSTEM32\WINHTTP.dll
0x00007ffe57ce0000 - 0x00007ffe57d4b000 	C:\WINDOWS\system32\mswsock.dll
0x00007ffe214a0000 - 0x00007ffe214b6000 	C:\Users\Kumar Aditya\.vscode\extensions\redhat.java-1.44.0-win32-x64\jre\21.0.8-win32-x86_64\bin\nio.dll
0x00007ffe486a0000 - 0x00007ffe486b0000 	c:\Users\Kumar Aditya\.vscode\extensions\redhat.java-1.44.0-win32-x64\jre\21.0.8-win32-x86_64\bin\verify.dll
0x00007ffe208e0000 - 0x00007ffe20925000 	C:\Users\Kumar Aditya\AppData\Roaming\Code\User\globalStorage\redhat.java\1.44.0\config_ss_win\org.eclipse.equinox.launcher\org.eclipse.equinox.launcher.win32.win32.x86_64_1.2.1400.v20250730-1736\eclipse_11913.dll
0x00007ffe5b2d0000 - 0x00007ffe5b470000 	C:\WINDOWS\System32\ole32.dll
0x00007ffe57fd0000 - 0x00007ffe57feb000 	C:\WINDOWS\SYSTEM32\CRYPTSP.dll
0x00007ffe576a0000 - 0x00007ffe576db000 	C:\WINDOWS\system32\rsaenh.dll
0x00007ffe57da0000 - 0x00007ffe57dcb000 	C:\WINDOWS\SYSTEM32\USERENV.dll
0x00007ffe588e0000 - 0x00007ffe58906000 	C:\WINDOWS\SYSTEM32\bcrypt.dll
0x00007ffe57fc0000 - 0x00007ffe57fcc000 	C:\WINDOWS\SYSTEM32\CRYPTBASE.dll
0x00007ffe57120000 - 0x00007ffe57153000 	C:\WINDOWS\SYSTEM32\IPHLPAPI.DLL
0x00007ffe59cc0000 - 0x00007ffe59cca000 	C:\WINDOWS\System32\NSI.dll
0x00007ffe10b20000 - 0x00007ffe10b69000 	C:\Users\Kumar Aditya\AppData\Local\Temp\jna--764449214\jna9351533108351186621.dll
0x00007ffe5aab0000 - 0x00007ffe5aab8000 	C:\WINDOWS\System32\PSAPI.DLL
0x00007ffe52380000 - 0x00007ffe5239f000 	C:\WINDOWS\SYSTEM32\dhcpcsvc6.DLL
0x00007ffe52150000 - 0x00007ffe52175000 	C:\WINDOWS\SYSTEM32\dhcpcsvc.DLL

JVMTI agents:
c:\Users\Kumar Aditya\.vscode\extensions\redhat.java-1.44.0-win32-x64\lombok\lombok-1.18.39-4050.jar path:c:\Users\Kumar Aditya\.vscode\extensions\redhat.java-1.44.0-win32-x64\jre\21.0.8-win32-x86_64\bin\instrument.dll, loaded, initialized, instrumentlib options:none

dbghelp: loaded successfully - version: 4.0.5 - missing functions: none
symbol engine: initialized successfully - sym options: 0x614 - pdb path: .;c:\Users\Kumar Aditya\.vscode\extensions\redhat.java-1.44.0-win32-x64\jre\21.0.8-win32-x86_64\bin;C:\WINDOWS\SYSTEM32;C:\WINDOWS\WinSxS\amd64_microsoft.windows.common-controls_6595b64144ccf1df_6.0.26100.4768_none_3e0c112ce331287c;c:\Users\Kumar Aditya\.vscode\extensions\redhat.java-1.44.0-win32-x64\jre\21.0.8-win32-x86_64\bin\server;C:\Users\Kumar Aditya\AppData\Roaming\Code\User\globalStorage\redhat.java\1.44.0\config_ss_win\org.eclipse.equinox.launcher\org.eclipse.equinox.launcher.win32.win32.x86_64_1.2.1400.v20250730-1736;C:\Users\Kumar Aditya\AppData\Local\Temp\jna--764449214

VM Arguments:
jvm_args: --add-modules=ALL-SYSTEM --add-opens=java.base/java.util=ALL-UNNAMED --add-opens=java.base/java.lang=ALL-UNNAMED --add-opens=java.base/sun.nio.fs=ALL-UNNAMED -Declipse.application=org.eclipse.jdt.ls.core.id1 -Dosgi.bundles.defaultStartLevel=4 -Declipse.product=org.eclipse.jdt.ls.core.product -Djava.import.generatesMetadataFilesAtProjectRoot=false -DDetectVMInstallationsJob.disabled=true -Dfile.encoding=utf8 -XX:+UseParallelGC -XX:GCTimeRatio=4 -XX:AdaptiveSizePolicyWeight=90 -Dsun.zip.disableMemoryMapping=true -Xmx2G -Xms100m -Xlog:disable -javaagent:c:\Users\Kumar Aditya\.vscode\extensions\redhat.java-1.44.0-win32-x64\lombok\lombok-1.18.39-4050.jar 
java_command: c:\Users\Kumar Aditya\.vscode\extensions\redhat.java-1.44.0-win32-x64\server\plugins\org.eclipse.equinox.launcher_1.7.0.v20250519-0528.jar -configuration c:\Users\Kumar Aditya\AppData\Roaming\Code\User\globalStorage\redhat.java\1.44.0\config_ss_win -data c:\Users\Kumar Aditya\AppData\Roaming\Code\User\workspaceStorage\7aee468de8faca28150af5761ab1ad41\redhat.java\ss_ws --pipe=\\.\pipe\lsp-330ffb6b7e4987dffe6e2cf9d112f034-sock
java_class_path (initial): c:\Users\Kumar Aditya\.vscode\extensions\redhat.java-1.44.0-win32-x64\server\plugins\org.eclipse.equinox.launcher_1.7.0.v20250519-0528.jar
Launcher Type: SUN_STANDARD

[Global flags]
    uintx AdaptiveSizePolicyWeight                 = 90                                        {product} {command line}
     intx CICompilerCount                          = 12                                        {product} {ergonomic}
    uintx GCTimeRatio                              = 4                                         {product} {command line}
   size_t InitialHeapSize                          = 104857600                                 {product} {command line}
   size_t MaxHeapSize                              = 2147483648                                {product} {command line}
   size_t MaxNewSize                               = 715653120                                 {product} {ergonomic}
   size_t MinHeapDeltaBytes                        = 524288                                    {product} {ergonomic}
   size_t MinHeapSize                              = 104857600                                 {product} {command line}
   size_t NewSize                                  = 34603008                                  {product} {ergonomic}
    uintx NonNMethodCodeHeapSize                   = 7602480                                {pd product} {ergonomic}
    uintx NonProfiledCodeHeapSize                  = 122027880                              {pd product} {ergonomic}
   size_t OldSize                                  = 70254592                                  {product} {ergonomic}
    uintx ProfiledCodeHeapSize                     = 122027880                              {pd product} {ergonomic}
    uintx ReservedCodeCacheSize                    = 251658240                              {pd product} {ergonomic}
     bool SegmentedCodeCache                       = true                                      {product} {ergonomic}
   size_t SoftMaxHeapSize                          = 2147483648                             {manageable} {ergonomic}
     bool UseCompressedOops                        = true                           {product lp64_product} {ergonomic}
     bool UseLargePagesIndividualAllocation        = false                                  {pd product} {ergonomic}
     bool UseParallelGC                            = true                                      {product} {command line}

Logging:
Log output configuration:
 #0: stdout all=off uptime,level,tags foldmultilines=false
 #1: stderr all=off uptime,level,tags foldmultilines=false

Environment Variables:
PATH=C:\Python313\Scripts\;C:\Python313\;C:\Python312\Scripts\;C:\Python312\;C:\Program Files\Common Files\Oracle\Java\javapath;C:\Program Files (x86)\VMware\VMware Workstation\bin\;C:\WINDOWS\system32;C:\WINDOWS;C:\WINDOWS\System32\Wbem;C:\WINDOWS\System32\WindowsPowerShell\v1.0\;C:\WINDOWS\System32\OpenSSH\;C:\MinGW\bin;C:\Program Files\Java\jdk-18.0.2\bin;C:\Program Files\dotnet\;C:\ProgramData\chocolatey\bin;C:\Program Files\mongosh\bin;C:\Program Files\nodejs;C:\Users\Kumar Aditya\AppData\Roaming\npm\;C:\Program Files\nodejs\;C:\php;E:\Git\Git\cmd;C:\Program Files\Docker\Docker\resources\bin;C:\Program Files\MySQL\MySQL Shell 8.0\bin\;C:\Users\Kumar Aditya\AppData\Local\Microsoft\WindowsApps;E:\IntelliJ IDEA Community Edition 2023.1.2\bin;;E:\Microsoft VS Code\bin;C:\MinGW\bin;C:\Program Files\MongoDB\Server\8.0\bin;C:\Users\Kumar Aditya\AppData\Roaming\npm
USERNAME=Kumar Aditya
OS=Windows_NT
PROCESSOR_IDENTIFIER=Intel64 Family 6 Model 154 Stepping 3, GenuineIntel
TMP=C:\Users\KUMARA~1\AppData\Local\Temp
TEMP=C:\Users\KUMARA~1\AppData\Local\Temp




Periodic native trim disabled

---------------  S Y S T E M  ---------------

OS:
 Windows 11 , 64 bit Build 26100 (10.0.26100.4768)
OS uptime: 12 days 4:44 hours
Hyper-V role detected

CPU: total 16 (initial active 16) (8 cores per cpu, 2 threads per core) family 6 model 154 stepping 3 microcode 0x42c, cx8, cmov, fxsr, ht, mmx, 3dnowpref, sse, sse2, sse3, ssse3, sse4.1, sse4.2, popcnt, lzcnt, tsc, tscinvbit, avx, avx2, aes, erms, clmul, bmi1, bmi2, adx, sha, fma, vzeroupper, clflush, clflushopt, clwb, hv, serialize, rdtscp, rdpid, fsrm, f16c, cet_ibt, cet_ss
Processor Information for processor 0
  Max Mhz: 1700, Current Mhz: 1700, Mhz Limit: 1700
Processor Information for processor 1
  Max Mhz: 1700, Current Mhz: 1700, Mhz Limit: 1700
Processor Information for processor 2
  Max Mhz: 1700, Current Mhz: 1700, Mhz Limit: 1700
Processor Information for processor 3
  Max Mhz: 1700, Current Mhz: 1700, Mhz Limit: 1700
Processor Information for processor 4
  Max Mhz: 1700, Current Mhz: 1700, Mhz Limit: 1700
Processor Information for processor 5
  Max Mhz: 1700, Current Mhz: 1700, Mhz Limit: 1700
Processor Information for processor 6
  Max Mhz: 1700, Current Mhz: 1700, Mhz Limit: 1700
Processor Information for processor 7
  Max Mhz: 1700, Current Mhz: 1700, Mhz Limit: 1700
Processor Information for processor 8
  Max Mhz: 1700, Current Mhz: 1200, Mhz Limit: 1190
Processor Information for processor 9
  Max Mhz: 1700, Current Mhz: 1200, Mhz Limit: 1190
Processor Information for processor 10
  Max Mhz: 1700, Current Mhz: 1200, Mhz Limit: 1190
Processor Information for processor 11
  Max Mhz: 1700, Current Mhz: 1200, Mhz Limit: 1190
Processor Information for processor 12
  Max Mhz: 1700, Current Mhz: 1200, Mhz Limit: 1190
Processor Information for processor 13
  Max Mhz: 1700, Current Mhz: 1200, Mhz Limit: 1190
Processor Information for processor 14
  Max Mhz: 1700, Current Mhz: 1200, Mhz Limit: 1190
Processor Information for processor 15
  Max Mhz: 1700, Current Mhz: 1200, Mhz Limit: 1190

Memory: 4k page, system-wide physical 16052M (1505M free)
TotalPageFile size 21199M (AvailPageFile size 4M)
current process WorkingSet (physical memory assigned to process): 203M, peak: 216M
current process commit charge ("private bytes"): 334M, peak: 350M

vm_info: OpenJDK 64-Bit Server VM (21.0.8+9-LTS) for windows-amd64 JRE (21.0.8+9-LTS), built on 2025-07-15T00:00:00Z by "admin" with MS VC++ 17.7 (VS2022)

END.
