#
# There is insufficient memory for the Java Runtime Environment to continue.
# Native memory allocation (malloc) failed to allocate 32744 bytes. Error detail: Chunk::new
# Possible reasons:
#   The system is out of physical RAM or swap space
#   This process is running with CompressedOops enabled, and the Java Heap may be blocking the growth of the native heap
# Possible solutions:
#   Reduce memory load on the system
#   Increase physical memory or swap space
#   Check if swap backing store is full
#   Decrease Java heap size (-Xmx/-Xms)
#   Decrease number of Java threads
#   Decrease Java thread stack sizes (-Xss)
#   Set larger code cache with -XX:ReservedCodeCacheSize=
#   JVM is running with Unscaled Compressed Oops mode in which the Java heap is
#     placed in the first 4GB address space. The Java Heap base address is the
#     maximum limit for the native heap growth. Please use -XX:HeapBaseMinAddress
#     to set the Java Heap base and to place the Java Heap above 4GB virtual address.
# This output file may be truncated or incomplete.
#
#  Out of Memory Error (arena.cpp:168), pid=32572, tid=33160
#
# JRE version: OpenJDK Runtime Environment Temurin-21.0.8+9 (21.0.8+9) (build 21.0.8+9-LTS)
# Java VM: OpenJDK 64-Bit Server VM Temurin-21.0.8+9 (21.0.8+9-LTS, mixed mode, sharing, tiered, compressed oops, compressed class ptrs, parallel gc, windows-amd64)
# No core dump will be written. Minidumps are not enabled by default on client versions of Windows
#

---------------  S U M M A R Y ------------

Command Line: --add-modules=ALL-SYSTEM --add-opens=java.base/java.util=ALL-UNNAMED --add-opens=java.base/java.lang=ALL-UNNAMED --add-opens=java.base/sun.nio.fs=ALL-UNNAMED -Declipse.application=org.eclipse.jdt.ls.core.id1 -Dosgi.bundles.defaultStartLevel=4 -Declipse.product=org.eclipse.jdt.ls.core.product -Djava.import.generatesMetadataFilesAtProjectRoot=false -DDetectVMInstallationsJob.disabled=true -Dfile.encoding=utf8 -XX:+UseParallelGC -XX:GCTimeRatio=4 -XX:AdaptiveSizePolicyWeight=90 -Dsun.zip.disableMemoryMapping=true -Xmx2G -Xms100m -Xlog:disable -javaagent:c:\Users\Kumar Aditya\.vscode\extensions\redhat.java-1.44.0-win32-x64\lombok\lombok-1.18.39-4050.jar -XX:+HeapDumpOnOutOfMemoryError -XX:HeapDumpPath=c:\Users\Kumar Aditya\AppData\Roaming\Code\User\workspaceStorage\7aee468de8faca28150af5761ab1ad41\redhat.java -Daether.dependencyCollector.impl=bf c:\Users\Kumar Aditya\.vscode\extensions\redhat.java-1.44.0-win32-x64\server\plugins\org.eclipse.equinox.launcher_1.7.0.v20250519-0528.jar -configuration c:\Users\Kumar Aditya\AppData\Roaming\Code\User\globalStorage\redhat.java\1.44.0\config_win -data c:\Users\Kumar Aditya\AppData\Roaming\Code\User\workspaceStorage\7aee468de8faca28150af5761ab1ad41\redhat.java\jdt_ws --pipe=\\.\pipe\lsp-b3c6a7ad198bf68706e61220042a5829-sock

Host: 12th Gen Intel(R) Core(TM) i5-1240P, 16 cores, 15G,  Windows 11 , 64 bit Build 26100 (10.0.26100.4768)
Time: Fri Aug 29 01:03:05 2025 India Standard Time elapsed time: 0.285065 seconds (0d 0h 0m 0s)

---------------  T H R E A D  ---------------

Current thread (0x00000230e84d4f70):  JavaThread "C2 CompilerThread1" daemon [_thread_in_native, id=33160, stack(0x000000e442000000,0x000000e442100000) (1024K)]


Current CompileTask:
C2:285  177       4       java.util.HashMap::putVal (300 bytes)

Stack: [0x000000e442000000,0x000000e442100000]
Native frames: (J=compiled Java code, j=interpreted, Vv=VM code, C=native code)
V  [jvm.dll+0x6d2449]
V  [jvm.dll+0x8ae341]
V  [jvm.dll+0x8b08be]
V  [jvm.dll+0x8b0fa3]
V  [jvm.dll+0x280c96]
V  [jvm.dll+0xc581d]
V  [jvm.dll+0xc5d53]
V  [jvm.dll+0x6abec0]
V  [jvm.dll+0x6abc34]
V  [jvm.dll+0x3960a2]
V  [jvm.dll+0x6efe96]
V  [jvm.dll+0x6ef275]
V  [jvm.dll+0x6ea66a]
V  [jvm.dll+0x6e4833]
V  [jvm.dll+0x6e3f4e]
V  [jvm.dll+0x6e203c]
V  [jvm.dll+0x1cba2c]
V  [jvm.dll+0x2f45ac]
V  [jvm.dll+0x6ec842]
V  [jvm.dll+0x6e4833]
V  [jvm.dll+0x6e3f4e]
V  [jvm.dll+0x6e203c]
V  [USER32.dll+0x1cba2c]
V  [VERSION.dll+0x1cc5ac]
V  [jvm.dll+0x1cc5ac]
V  [jvm.dll+0x2f45ac]
V  [jvm.dll+0x6ec842]
V  [jvm.dll+0x6e4833]
V  [jvm.dll+0x6e3f4e]
V  [jvm.dll+0x6e203c]
V  [jvm.dll+0x1cba2c]
V  [jvm.dll+0x24801e]
V  [jvm.dll+0x1c89ee]
V  [jvm.dll+0x257d4d]
V  [jvm.dll+0x2562ea]
V  [jvm.dll+0x3f2d16]
V  [jvm.dll+0x857e6b]
V  [jvm.dll+0x6d0b0d]
C  [ucrtbase.dll+0x37b0]
C  [KERNEL32.DLL+0x2e8d7]
C  [ntdll.dll+0x3c34c]


---------------  P R O C E S S  ---------------

Threads class SMR info:
_java_thread_list=0x00000230e84a32e0, length=12, elements={
0x000002308f64bfc0, 0x000002308f5fd6f0, 0x000002308f6f4280, 0x000002308f6f7440,
0x000002308f6f8240, 0x000002308f6f8c90, 0x000002308f6f96e0, 0x000002308f6fa510,
0x00000230e83f9850, 0x00000230e84933a0, 0x00000230e84b0570, 0x00000230e84d4f70
}

Java Threads: ( => current thread )
  0x000002308f64bfc0 JavaThread "main"                              [_thread_in_native, id=6720, stack(0x000000e441200000,0x000000e441300000) (1024K)]
  0x000002308f5fd6f0 JavaThread "Reference Handler"          daemon [_thread_blocked, id=37116, stack(0x000000e441600000,0x000000e441700000) (1024K)]
  0x000002308f6f4280 JavaThread "Finalizer"                  daemon [_thread_blocked, id=18808, stack(0x000000e441700000,0x000000e441800000) (1024K)]
  0x000002308f6f7440 JavaThread "Signal Dispatcher"          daemon [_thread_blocked, id=37256, stack(0x000000e441800000,0x000000e441900000) (1024K)]
  0x000002308f6f8240 JavaThread "Attach Listener"            daemon [_thread_blocked, id=16156, stack(0x000000e441900000,0x000000e441a00000) (1024K)]
  0x000002308f6f8c90 JavaThread "Service Thread"             daemon [_thread_blocked, id=36696, stack(0x000000e441a00000,0x000000e441b00000) (1024K)]
  0x000002308f6f96e0 JavaThread "Monitor Deflation Thread"   daemon [_thread_blocked, id=33204, stack(0x000000e441b00000,0x000000e441c00000) (1024K)]
  0x000002308f6fa510 JavaThread "C2 CompilerThread0"         daemon [_thread_blocked, id=14416, stack(0x000000e441c00000,0x000000e441d00000) (1024K)]
  0x00000230e83f9850 JavaThread "C1 CompilerThread0"         daemon [_thread_blocked, id=32816, stack(0x000000e441d00000,0x000000e441e00000) (1024K)]
  0x00000230e84933a0 JavaThread "Common-Cleaner"             daemon [_thread_blocked, id=5324, stack(0x000000e441e00000,0x000000e441f00000) (1024K)]
  0x00000230e84b0570 JavaThread "C1 CompilerThread1"         daemon [_thread_blocked, id=14380, stack(0x000000e441f00000,0x000000e442000000) (1024K)]
=>0x00000230e84d4f70 JavaThread "C2 CompilerThread1"         daemon [_thread_in_native, id=33160, stack(0x000000e442000000,0x000000e442100000) (1024K)]
Total: 12

Other Threads:
  0x000002308f6f0960 VMThread "VM Thread"                           [id=4660, stack(0x000000e441500000,0x000000e441600000) (1024K)]
  0x000002308f4dca00 WatcherThread "VM Periodic Task Thread"        [id=34924, stack(0x000000e441400000,0x000000e441500000) (1024K)]
  0x000002308f66a690 WorkerThread "GC Thread#0"                     [id=31128, stack(0x000000e441300000,0x000000e441400000) (1024K)]
Total: 3

Threads with active compile tasks:
C2 CompilerThread1  322  177       4       java.util.HashMap::putVal (300 bytes)
Total: 1

VM state: not at safepoint (normal execution)

VM Mutex/Monitor currently owned by a thread: None

Heap address: 0x0000000080000000, size: 2048 MB, Compressed Oops mode: 32-bit

CDS archive(s) mapped at: [0x00000230a6000000-0x00000230a6ba0000-0x00000230a6ba0000), size 12189696, SharedBaseAddress: 0x00000230a6000000, ArchiveRelocationMode: 1.
Compressed class space mapped at: 0x00000230a7000000-0x00000230e7000000, reserved size: 1073741824
Narrow klass base: 0x00000230a6000000, Narrow klass shift: 0, Narrow klass range: 0x100000000

GC Precious Log:
 CardTable entry size: 512
 CPUs: 16 total, 16 available
 Memory: 16052M
 Large Page Support: Disabled
 NUMA Support: Disabled
 Compressed Oops: Enabled (32-bit)
 Alignments: Space 512K, Generation 512K, Heap 2M
 Heap Min Capacity: 100M
 Heap Initial Capacity: 100M
 Heap Max Capacity: 2G
 Pre-touch: Disabled
 Parallel Workers: 13

Heap:
 PSYoungGen      total 29696K, used 4097K [0x00000000d5580000, 0x00000000d7680000, 0x0000000100000000)
  eden space 25600K, 16% used [0x00000000d5580000,0x00000000d5980570,0x00000000d6e80000)
  from space 4096K, 0% used [0x00000000d7280000,0x00000000d7280000,0x00000000d7680000)
  to   space 4096K, 0% used [0x00000000d6e80000,0x00000000d6e80000,0x00000000d7280000)
 ParOldGen       total 68608K, used 0K [0x0000000080000000, 0x0000000084300000, 0x00000000d5580000)
  object space 68608K, 0% used [0x0000000080000000,0x0000000080000000,0x0000000084300000)
 Metaspace       used 335K, committed 512K, reserved 1114112K
  class space    used 19K, committed 128K, reserved 1048576K

Card table byte_map: [0x000002308eff0000,0x000002308f400000] _byte_map_base: 0x000002308ebf0000

Marking Bits: (ParMarkBitMap*) 0x00007ffd8534a340
 Begin Bits: [0x00000230a1af0000, 0x00000230a3af0000)
 End Bits:   [0x00000230a3af0000, 0x00000230a5af0000)

Polling page: 0x000002308d4a0000

Metaspace:

Usage:
  Non-class:    315.89 KB used.
      Class:     19.20 KB used.
       Both:    335.09 KB used.

Virtual space:
  Non-class space:       64.00 MB reserved,     384.00 KB ( <1%) committed,  1 nodes.
      Class space:        1.00 GB reserved,     128.00 KB ( <1%) committed,  1 nodes.
             Both:        1.06 GB reserved,     512.00 KB ( <1%) committed. 

Chunk freelists:
   Non-Class:  11.99 MB
       Class:  15.75 MB
        Both:  27.74 MB

MaxMetaspaceSize: unlimited
CompressedClassSpaceSize: 1.00 GB
Initial GC threshold: 21.00 MB
Current GC threshold: 21.00 MB
CDS: on
 - commit_granule_bytes: 65536.
 - commit_granule_words: 8192.
 - virtual_space_node_default_size: 8388608.
 - enlarge_chunks_in_place: 1.
 - use_allocation_guard: 0.


Internal statistics:

num_allocs_failed_limit: 0.
num_arena_births: 8.
num_arena_deaths: 0.
num_vsnodes_births: 2.
num_vsnodes_deaths: 0.
num_space_committed: 8.
num_space_uncommitted: 0.
num_chunks_returned_to_freelist: 0.
num_chunks_taken_from_freelist: 9.
num_chunk_merges: 0.
num_chunk_splits: 6.
num_chunks_enlarged: 3.
num_inconsistent_stats: 0.

CodeHeap 'non-profiled nmethods': size=119168Kb used=64Kb max_used=64Kb free=119103Kb
 bounds [0x000002309a3e0000, 0x000002309a650000, 0x00000230a1840000]
CodeHeap 'profiled nmethods': size=119104Kb used=255Kb max_used=255Kb free=118848Kb
 bounds [0x0000023092840000, 0x0000023092ab0000, 0x0000023099c90000]
CodeHeap 'non-nmethods': size=7488Kb used=1696Kb max_used=1701Kb free=5791Kb
 bounds [0x0000023099c90000, 0x0000023099f00000, 0x000002309a3e0000]
CodeCache: size=245760Kb, used=2015Kb, max_used=2020Kb, free=243742Kb
 total_blobs=600, nmethods=223, adapters=283, full_count=0
Compilation: enabled, stopped_count=0, restarted_count=0

Compilation events (20 events):
Event: 0.278 Thread 0x00000230e84b0570 nmethod 176 0x0000023092872b90 code [0x0000023092872d40, 0x0000023092872ec8]
Event: 0.279 Thread 0x000002308f6fa510 nmethod 169 0x000002309a3ebb10 code [0x000002309a3ebca0, 0x000002309a3ebd80]
Event: 0.279 Thread 0x00000230e83f9850  180       1       java.util.KeyValueHolder::getKey (5 bytes)
Event: 0.279 Thread 0x00000230e84b0570  181       1       java.util.KeyValueHolder::getValue (5 bytes)
Event: 0.279 Thread 0x00000230e84b0570 nmethod 181 0x000002309a3ebe90 code [0x000002309a3ec020, 0x000002309a3ec0e8]
Event: 0.279 Thread 0x00000230e83f9850 nmethod 180 0x000002309a3ec190 code [0x000002309a3ec320, 0x000002309a3ec3e8]
Event: 0.280 Thread 0x000002308f6fa510  179       4       java.lang.StringLatin1::equals (36 bytes)
Event: 0.280 Thread 0x00000230e84d4f70  177       4       java.util.HashMap::putVal (300 bytes)
Event: 0.280 Thread 0x00000230e83f9850  182       3       java.util.concurrent.ConcurrentHashMap::casTabAt (21 bytes)
Event: 0.280 Thread 0x00000230e84b0570  183       3       java.util.Optional::orElse (16 bytes)
Event: 0.280 Thread 0x00000230e83f9850 nmethod 182 0x0000023092872f90 code [0x0000023092873120, 0x0000023092873250]
Event: 0.280 Thread 0x00000230e83f9850  184       1       java.lang.module.ModuleDescriptor::packages (5 bytes)
Event: 0.280 Thread 0x00000230e84b0570 nmethod 183 0x0000023092873310 code [0x00000230928734c0, 0x0000023092873640]
Event: 0.281 Thread 0x00000230e83f9850 nmethod 184 0x000002309a3ec490 code [0x000002309a3ec620, 0x000002309a3ec6e8]
Event: 0.281 Thread 0x00000230e83f9850  185       3       java.lang.module.ResolvedModule::name (11 bytes)
Event: 0.281 Thread 0x00000230e84b0570  186       3       java.lang.AbstractStringBuilder::isLatin1 (19 bytes)
Event: 0.281 Thread 0x00000230e83f9850 nmethod 185 0x0000023092873710 code [0x00000230928738c0, 0x0000023092873a20]
Event: 0.281 Thread 0x00000230e84b0570 nmethod 186 0x0000023092873b10 code [0x0000023092873cc0, 0x0000023092873e30]
Event: 0.282 Thread 0x00000230e83f9850  187       1       java.lang.AbstractStringBuilder::getValue (5 bytes)
Event: 0.282 Thread 0x00000230e84b0570  188       1       java.lang.AbstractStringBuilder::length (5 bytes)

GC Heap History (0 events):
No events

Dll operation events (2 events):
Event: 0.020 Loaded shared library c:\Users\Kumar Aditya\.vscode\extensions\redhat.java-1.44.0-win32-x64\jre\21.0.8-win32-x86_64\bin\java.dll
Event: 0.268 Loaded shared library c:\Users\Kumar Aditya\.vscode\extensions\redhat.java-1.44.0-win32-x64\jre\21.0.8-win32-x86_64\bin\zip.dll

Deoptimization events (0 events):
No events

Classes loaded (2 events):
Event: 0.267 Loading class jdk/internal/module/ModuleReferenceImpl$CachedHash
Event: 0.268 Loading class jdk/internal/module/ModuleReferenceImpl$CachedHash done

Classes unloaded (0 events):
No events

Classes redefined (0 events):
No events

Internal exceptions (1 events):
Event: 0.256 Thread 0x000002308f64bfc0 Exception <a 'java/lang/NoSuchMethodError'{0x00000000d57aad60}: 'void java.lang.invoke.DirectMethodHandle$Holder.invokeStatic(java.lang.Object, java.lang.Object, java.lang.Object)'> (0x00000000d57aad60) 
thrown [s\src\hotspot\share\interpreter\linkResolver.cpp, line 773]

ZGC Phase Switch (0 events):
No events

VM Operations (2 events):
Event: 0.265 Executing VM operation: HandshakeAllThreads (Deoptimize)
Event: 0.265 Executing VM operation: HandshakeAllThreads (Deoptimize) done

Memory protections (0 events):
No events

Nmethod flushes (0 events):
No events

Events (12 events):
Event: 0.056 Thread 0x000002308f64bfc0 Thread added: 0x000002308f64bfc0
Event: 0.087 Thread 0x000002308f64bfc0 Thread added: 0x000002308f5fd6f0
Event: 0.087 Thread 0x000002308f64bfc0 Thread added: 0x000002308f6f4280
Event: 0.088 Thread 0x000002308f64bfc0 Thread added: 0x000002308f6f7440
Event: 0.088 Thread 0x000002308f64bfc0 Thread added: 0x000002308f6f8240
Event: 0.088 Thread 0x000002308f64bfc0 Thread added: 0x000002308f6f8c90
Event: 0.088 Thread 0x000002308f64bfc0 Thread added: 0x000002308f6f96e0
Event: 0.088 Thread 0x000002308f64bfc0 Thread added: 0x000002308f6fa510
Event: 0.093 Thread 0x000002308f64bfc0 Thread added: 0x00000230e83f9850
Event: 0.198 Thread 0x000002308f64bfc0 Thread added: 0x00000230e84933a0
Event: 0.267 Thread 0x00000230e83f9850 Thread added: 0x00000230e84b0570
Event: 0.280 Thread 0x000002308f6fa510 Thread added: 0x00000230e84d4f70


Dynamic libraries:
0x00007ff6984b0000 - 0x00007ff6984be000 	c:\Users\Kumar Aditya\.vscode\extensions\redhat.java-1.44.0-win32-x64\jre\21.0.8-win32-x86_64\bin\java.exe
0x00007ffe5b8c0000 - 0x00007ffe5bb27000 	C:\WINDOWS\SYSTEM32\ntdll.dll
0x00007ffe59cd0000 - 0x00007ffe59d99000 	C:\WINDOWS\System32\KERNEL32.DLL
0x00007ffe59080000 - 0x00007ffe59470000 	C:\WINDOWS\System32\KERNELBASE.dll
0x00007ffe58c20000 - 0x00007ffe58d6b000 	C:\WINDOWS\System32\ucrtbase.dll
0x00007ffe34b70000 - 0x00007ffe34b88000 	c:\Users\Kumar Aditya\.vscode\extensions\redhat.java-1.44.0-win32-x64\jre\21.0.8-win32-x86_64\bin\jli.dll
0x00007ffe598b0000 - 0x00007ffe59a75000 	C:\WINDOWS\System32\USER32.dll
0x00007ffe58e30000 - 0x00007ffe58e57000 	C:\WINDOWS\System32\win32u.dll
0x00007ffe59770000 - 0x00007ffe5979b000 	C:\WINDOWS\System32\GDI32.dll
0x00007ffe59510000 - 0x00007ffe59648000 	C:\WINDOWS\System32\gdi32full.dll
0x00007ffe589f0000 - 0x00007ffe58a93000 	C:\WINDOWS\System32\msvcp_win.dll
0x00007ffe2d550000 - 0x00007ffe2d56e000 	c:\Users\Kumar Aditya\.vscode\extensions\redhat.java-1.44.0-win32-x64\jre\21.0.8-win32-x86_64\bin\VCRUNTIME140.dll
0x00007ffe39270000 - 0x00007ffe3950a000 	C:\WINDOWS\WinSxS\amd64_microsoft.windows.common-controls_6595b64144ccf1df_6.0.26100.4768_none_3e0c112ce331287c\COMCTL32.dll
0x00007ffe5b500000 - 0x00007ffe5b5a9000 	C:\WINDOWS\System32\msvcrt.dll
0x00007ffe59a80000 - 0x00007ffe59aaf000 	C:\WINDOWS\System32\IMM32.DLL
0x00007ffe4fec0000 - 0x00007ffe4fecc000 	c:\Users\Kumar Aditya\.vscode\extensions\redhat.java-1.44.0-win32-x64\jre\21.0.8-win32-x86_64\bin\vcruntime140_1.dll
0x00007ffe016e0000 - 0x00007ffe0176d000 	c:\Users\Kumar Aditya\.vscode\extensions\redhat.java-1.44.0-win32-x64\jre\21.0.8-win32-x86_64\bin\msvcp140.dll
0x00007ffd84690000 - 0x00007ffd85427000 	c:\Users\Kumar Aditya\.vscode\extensions\redhat.java-1.44.0-win32-x64\jre\21.0.8-win32-x86_64\bin\server\jvm.dll
0x00007ffe5aac0000 - 0x00007ffe5ab74000 	C:\WINDOWS\System32\ADVAPI32.dll
0x00007ffe5b7d0000 - 0x00007ffe5b876000 	C:\WINDOWS\System32\sechost.dll
0x00007ffe59650000 - 0x00007ffe59768000 	C:\WINDOWS\System32\RPCRT4.dll
0x00007ffe5b480000 - 0x00007ffe5b4f4000 	C:\WINDOWS\System32\WS2_32.dll
0x00007ffe58870000 - 0x00007ffe588ce000 	C:\WINDOWS\SYSTEM32\POWRPROF.dll
0x00007ffe4e140000 - 0x00007ffe4e175000 	C:\WINDOWS\SYSTEM32\WINMM.dll
0x00007ffe476a0000 - 0x00007ffe476ab000 	C:\WINDOWS\SYSTEM32\VERSION.dll
0x00007ffe58850000 - 0x00007ffe58864000 	C:\WINDOWS\SYSTEM32\UMPDC.dll
0x00007ffe57740000 - 0x00007ffe5775b000 	C:\WINDOWS\SYSTEM32\kernel.appcore.dll
0x00007ffe4d4c0000 - 0x00007ffe4d4ca000 	c:\Users\Kumar Aditya\.vscode\extensions\redhat.java-1.44.0-win32-x64\jre\21.0.8-win32-x86_64\bin\jimage.dll
0x00007ffe39630000 - 0x00007ffe39871000 	C:\WINDOWS\SYSTEM32\DBGHELP.DLL
0x00007ffe5adc0000 - 0x00007ffe5b145000 	C:\WINDOWS\System32\combase.dll
0x00007ffe597c0000 - 0x00007ffe598a0000 	C:\WINDOWS\System32\OLEAUT32.dll
0x00007ffe386b0000 - 0x00007ffe386f3000 	C:\WINDOWS\SYSTEM32\dbgcore.DLL
0x00007ffe58e60000 - 0x00007ffe58ef9000 	C:\WINDOWS\System32\bcryptPrimitives.dll
0x00007ffe4d460000 - 0x00007ffe4d46f000 	c:\Users\Kumar Aditya\.vscode\extensions\redhat.java-1.44.0-win32-x64\jre\21.0.8-win32-x86_64\bin\instrument.dll
0x00007ffe21490000 - 0x00007ffe214af000 	c:\Users\Kumar Aditya\.vscode\extensions\redhat.java-1.44.0-win32-x64\jre\21.0.8-win32-x86_64\bin\java.dll
0x00007ffe5a2a0000 - 0x00007ffe5a9ed000 	C:\WINDOWS\System32\SHELL32.dll
0x00007ffe58f00000 - 0x00007ffe59073000 	C:\WINDOWS\System32\wintypes.dll
0x00007ffe56590000 - 0x00007ffe56df0000 	C:\WINDOWS\SYSTEM32\windows.storage.dll
0x00007ffe5b1d0000 - 0x00007ffe5b2c5000 	C:\WINDOWS\System32\SHCORE.dll
0x00007ffe59da0000 - 0x00007ffe59e0a000 	C:\WINDOWS\System32\shlwapi.dll
0x00007ffe58910000 - 0x00007ffe58939000 	C:\WINDOWS\SYSTEM32\profapi.dll
0x00007ffe214c0000 - 0x00007ffe214d8000 	c:\Users\Kumar Aditya\.vscode\extensions\redhat.java-1.44.0-win32-x64\jre\21.0.8-win32-x86_64\bin\zip.dll
0x00007ffe486a0000 - 0x00007ffe486b0000 	C:\Users\Kumar Aditya\.vscode\extensions\redhat.java-1.44.0-win32-x64\jre\21.0.8-win32-x86_64\bin\net.dll
0x00007ffe51b90000 - 0x00007ffe51cae000 	C:\WINDOWS\SYSTEM32\WINHTTP.dll

JVMTI agents:
c:\Users\Kumar Aditya\.vscode\extensions\redhat.java-1.44.0-win32-x64\lombok\lombok-1.18.39-4050.jar path:c:\Users\Kumar Aditya\.vscode\extensions\redhat.java-1.44.0-win32-x64\jre\21.0.8-win32-x86_64\bin\vcruntime140_1.dll, loaded, initialized, instrumentlib options:none

dbghelp: loaded successfully - version: 4.0.5 - missing functions: none
symbol engine: initialized successfully - sym options: 0x614 - pdb path: .;c:\Users\Kumar Aditya\.vscode\extensions\redhat.java-1.44.0-win32-x64\jre\21.0.8-win32-x86_64\bin;C:\WINDOWS\SYSTEM32;C:\WINDOWS\WinSxS\amd64_microsoft.windows.common-controls_6595b64144ccf1df_6.0.26100.4768_none_3e0c112ce331287c;c:\Users\Kumar Aditya\.vscode\extensions\redhat.java-1.44.0-win32-x64\jre\21.0.8-win32-x86_64\bin\server

VM Arguments:
jvm_args: --add-modules=ALL-SYSTEM --add-opens=java.base/java.util=ALL-UNNAMED --add-opens=java.base/java.lang=ALL-UNNAMED --add-opens=java.base/sun.nio.fs=ALL-UNNAMED -Declipse.application=org.eclipse.jdt.ls.core.id1 -Dosgi.bundles.defaultStartLevel=4 -Declipse.product=org.eclipse.jdt.ls.core.product -Djava.import.generatesMetadataFilesAtProjectRoot=false -DDetectVMInstallationsJob.disabled=true -Dfile.encoding=utf8 -XX:+UseParallelGC -XX:GCTimeRatio=4 -XX:AdaptiveSizePolicyWeight=90 -Dsun.zip.disableMemoryMapping=true -Xmx2G -Xms100m -Xlog:disable -javaagent:c:\Users\Kumar Aditya\.vscode\extensions\redhat.java-1.44.0-win32-x64\lombok\lombok-1.18.39-4050.jar -XX:+HeapDumpOnOutOfMemoryError -XX:HeapDumpPath=c:\Users\Kumar Aditya\AppData\Roaming\Code\User\workspaceStorage\7aee468de8faca28150af5761ab1ad41\redhat.java -Daether.dependencyCollector.impl=bf 
java_command: c:\Users\Kumar Aditya\.vscode\extensions\redhat.java-1.44.0-win32-x64\server\plugins\org.eclipse.equinox.launcher_1.7.0.v20250519-0528.jar -configuration c:\Users\Kumar Aditya\AppData\Roaming\Code\User\globalStorage\redhat.java\1.44.0\config_win -data c:\Users\Kumar Aditya\AppData\Roaming\Code\User\workspaceStorage\7aee468de8faca28150af5761ab1ad41\redhat.java\jdt_ws --pipe=\\.\pipe\lsp-b3c6a7ad198bf68706e61220042a5829-sock
java_class_path (initial): c:\Users\Kumar Aditya\.vscode\extensions\redhat.java-1.44.0-win32-x64\server\plugins\org.eclipse.equinox.launcher_1.7.0.v20250519-0528.jar
Launcher Type: SUN_STANDARD

[Global flags]
    uintx AdaptiveSizePolicyWeight                 = 90                                        {product} {command line}
     intx CICompilerCount                          = 12                                        {product} {ergonomic}
    uintx GCTimeRatio                              = 4                                         {product} {command line}
     bool HeapDumpOnOutOfMemoryError               = true                                   {manageable} {command line}
    ccstr HeapDumpPath                             = c:\Users\Kumar Aditya\AppData\Roaming\Code\User\workspaceStorage\7aee468de8faca28150af5761ab1ad41\redhat.java         {manageable} {command line}
   size_t InitialHeapSize                          = 104857600                                 {product} {command line}
   size_t MaxHeapSize                              = 2147483648                                {product} {command line}
   size_t MaxNewSize                               = 715653120                                 {product} {ergonomic}
   size_t MinHeapDeltaBytes                        = 524288                                    {product} {ergonomic}
   size_t MinHeapSize                              = 104857600                                 {product} {command line}
   size_t NewSize                                  = 34603008                                  {product} {ergonomic}
    uintx NonNMethodCodeHeapSize                   = 7602480                                {pd product} {ergonomic}
    uintx NonProfiledCodeHeapSize                  = 122027880                              {pd product} {ergonomic}
   size_t OldSize                                  = 70254592                                  {product} {ergonomic}
    uintx ProfiledCodeHeapSize                     = 122027880                              {pd product} {ergonomic}
    uintx ReservedCodeCacheSize                    = 251658240                              {pd product} {ergonomic}
     bool SegmentedCodeCache                       = true                                      {product} {ergonomic}
   size_t SoftMaxHeapSize                          = 2147483648                             {manageable} {ergonomic}
     bool UseCompressedOops                        = true                           {product lp64_product} {ergonomic}
     bool UseLargePagesIndividualAllocation        = false                                  {pd product} {ergonomic}
     bool UseParallelGC                            = true                                      {product} {command line}

Logging:
Log output configuration:
 #0: stdout all=off uptime,level,tags foldmultilines=false
 #1: stderr all=off uptime,level,tags foldmultilines=false

Environment Variables:
PATH=C:\Python313\Scripts\;C:\Python313\;C:\Python312\Scripts\;C:\Python312\;C:\Program Files\Common Files\Oracle\Java\javapath;C:\Program Files (x86)\VMware\VMware Workstation\bin\;C:\WINDOWS\system32;C:\WINDOWS;C:\WINDOWS\System32\Wbem;C:\WINDOWS\System32\WindowsPowerShell\v1.0\;C:\WINDOWS\System32\OpenSSH\;C:\MinGW\bin;C:\Program Files\Java\jdk-18.0.2\bin;C:\Program Files\dotnet\;C:\ProgramData\chocolatey\bin;C:\Program Files\mongosh\bin;C:\Program Files\nodejs;C:\Users\Kumar Aditya\AppData\Roaming\npm\;C:\Program Files\nodejs\;C:\php;E:\Git\Git\cmd;C:\Program Files\Docker\Docker\resources\bin;C:\Program Files\MySQL\MySQL Shell 8.0\bin\;C:\Users\Kumar Aditya\AppData\Local\Microsoft\WindowsApps;E:\IntelliJ IDEA Community Edition 2023.1.2\bin;;E:\Microsoft VS Code\bin;C:\MinGW\bin;C:\Program Files\MongoDB\Server\8.0\bin;C:\Users\Kumar Aditya\AppData\Roaming\npm
USERNAME=Kumar Aditya
OS=Windows_NT
PROCESSOR_IDENTIFIER=Intel64 Family 6 Model 154 Stepping 3, GenuineIntel
TMP=C:\Users\KUMARA~1\AppData\Local\Temp
TEMP=C:\Users\KUMARA~1\AppData\Local\Temp




Periodic native trim disabled

---------------  S Y S T E M  ---------------

OS:
 Windows 11 , 64 bit Build 26100 (10.0.26100.4768)
OS uptime: 12 days 4:44 hours
Hyper-V role detected

CPU: total 16 (initial active 16) (8 cores per cpu, 2 threads per core) family 6 model 154 stepping 3 microcode 0x42c, cx8, cmov, fxsr, ht, mmx, 3dnowpref, sse, sse2, sse3, ssse3, sse4.1, sse4.2, popcnt, lzcnt, tsc, tscinvbit, avx, avx2, aes, erms, clmul, bmi1, bmi2, adx, sha, fma, vzeroupper, clflush, clflushopt, clwb, hv, serialize, rdtscp, rdpid, fsrm, f16c, cet_ibt, cet_ss
Processor Information for processor 0
  Max Mhz: 1700, Current Mhz: 1700, Mhz Limit: 1700
Processor Information for processor 1
  Max Mhz: 1700, Current Mhz: 1700, Mhz Limit: 1700
Processor Information for processor 2
  Max Mhz: 1700, Current Mhz: 1700, Mhz Limit: 1700
Processor Information for processor 3
  Max Mhz: 1700, Current Mhz: 1700, Mhz Limit: 1700
Processor Information for processor 4
  Max Mhz: 1700, Current Mhz: 1700, Mhz Limit: 1700
Processor Information for processor 5
  Max Mhz: 1700, Current Mhz: 1700, Mhz Limit: 1700
Processor Information for processor 6
  Max Mhz: 1700, Current Mhz: 1700, Mhz Limit: 1700
Processor Information for processor 7
  Max Mhz: 1700, Current Mhz: 1700, Mhz Limit: 1700
Processor Information for processor 8
  Max Mhz: 1700, Current Mhz: 1200, Mhz Limit: 1190
Processor Information for processor 9
  Max Mhz: 1700, Current Mhz: 1200, Mhz Limit: 1190
Processor Information for processor 10
  Max Mhz: 1700, Current Mhz: 1200, Mhz Limit: 1190
Processor Information for processor 11
  Max Mhz: 1700, Current Mhz: 1200, Mhz Limit: 1190
Processor Information for processor 12
  Max Mhz: 1700, Current Mhz: 1200, Mhz Limit: 1190
Processor Information for processor 13
  Max Mhz: 1700, Current Mhz: 1200, Mhz Limit: 1190
Processor Information for processor 14
  Max Mhz: 1700, Current Mhz: 1200, Mhz Limit: 1190
Processor Information for processor 15
  Max Mhz: 1700, Current Mhz: 1200, Mhz Limit: 1190

Memory: 4k page, system-wide physical 16052M (2945M free)
TotalPageFile size 21199M (AvailPageFile size 23M)
current process WorkingSet (physical memory assigned to process): 37M, peak: 37M
current process commit charge ("private bytes"): 237M, peak: 237M

vm_info: OpenJDK 64-Bit Server VM (21.0.8+9-LTS) for windows-amd64 JRE (21.0.8+9-LTS), built on 2025-07-15T00:00:00Z by "admin" with MS VC++ 17.7 (VS2022)

END.
